Using pre-set license
Built from '2020.3/staging' branch; Version is '2020.3.28f1 (f5400f52e03f) revision 16072719'; Using compiler version '192528614'; Build Type 'Release'
OS: 'Windows 10  (10.0.19042) 64bit Professional' Language: 'en' Physical Memory: 14188 MB
BatchMode: 1, IsHumanControllingUs: 0, StartBugReporterOnCrash: 0, Is64bit: 1, IsPro: 0

COMMAND LINE ARGUMENTS:
C:\Program Files\Unity\Hub\Editor\2020.3.28f1\Editor\Unity.exe
-adb2
-batchMode
-noUpm
-name
AssetImportWorker0
-projectPath
C:/Users/Augus/Downloads/CSV files
-logFile
Logs/AssetImportWorker0.log
-srvPort
56411
Successfully changed project path to: C:/Users/Augus/Downloads/CSV files
C:/Users/Augus/Downloads/CSV files
Using Asset Import Pipeline V2.
Refreshing native plugins compatible for Editor in 54.02 ms, found 3 plugins.
Preloading 0 native plugins for Editor in 0.00 ms.
Initialize engine version: 2020.3.28f1 (f5400f52e03f)
[Subsystems] Discovering subsystems at path C:/Program Files/Unity/Hub/Editor/2020.3.28f1/Editor/Data/Resources/UnitySubsystems
[Subsystems] Discovering subsystems at path C:/Users/Augus/Downloads/CSV files/Assets
GfxDevice: creating device client; threaded=0
Direct3D:
    Version:  Direct3D 11.0 [level 11.1]
    Renderer: NVIDIA GeForce RTX 3050 Laptop GPU (ID=0x25a2)
    Vendor:   
    VRAM:     3993 MB
    Driver:   30.0.15.1215
Initialize mono
Mono path[0] = 'C:/Program Files/Unity/Hub/Editor/2020.3.28f1/Editor/Data/Managed'
Mono path[1] = 'C:/Program Files/Unity/Hub/Editor/2020.3.28f1/Editor/Data/MonoBleedingEdge/lib/mono/unityjit'
Mono config path = 'C:/Program Files/Unity/Hub/Editor/2020.3.28f1/Editor/Data/MonoBleedingEdge/etc'
Using monoOptions --debugger-agent=transport=dt_socket,embedding=1,server=y,suspend=n,address=127.0.0.1:56548
Begin MonoManager ReloadAssembly
Registering precompiled unity dll's ...
Register platform support module: C:/Program Files/Unity/Hub/Editor/2020.3.28f1/Editor/Data/PlaybackEngines/WebGLSupport/UnityEditor.WebGL.Extensions.dll
Register platform support module: C:/Program Files/Unity/Hub/Editor/2020.3.28f1/Editor/Data/PlaybackEngines/WindowsStandaloneSupport/UnityEditor.WindowsStandalone.Extensions.dll
Registered in 0.002602 seconds.
Native extension for WindowsStandalone target not found
Native extension for WebGL target not found
Refreshing native plugins compatible for Editor in 50.64 ms, found 3 plugins.
Preloading 0 native plugins for Editor in 0.00 ms.
Mono: successfully reloaded assembly
- Completed reload, in  0.549 seconds
Domain Reload Profiling:
	ReloadAssembly (549ms)
		BeginReloadAssembly (62ms)
			ExecutionOrderSort (0ms)
			DisableScriptedObjects (0ms)
			BackupInstance (0ms)
			ReleaseScriptingObjects (0ms)
			CreateAndSetChildDomain (1ms)
		EndReloadAssembly (424ms)
			LoadAssemblies (60ms)
			RebuildTransferFunctionScriptingTraits (0ms)
			SetupTypeCache (124ms)
			ReleaseScriptCaches (0ms)
			RebuildScriptCaches (25ms)
			SetupLoadedEditorAssemblies (165ms)
				LogAssemblyErrors (0ms)
				InitializePlatformSupportModulesInManaged (5ms)
				SetLoadedEditorAssemblies (0ms)
				RefreshPlugins (51ms)
				BeforeProcessingInitializeOnLoad (13ms)
				ProcessInitializeOnLoadAttributes (73ms)
				ProcessInitializeOnLoadMethodAttributes (23ms)
				AfterProcessingInitializeOnLoad (0ms)
				EditorAssembliesLoaded (0ms)
			ExecutionOrderSort2 (0ms)
			AwakeInstancesAfterBackupRestoration (0ms)
Platform modules already initialized, skipping
Registering precompiled user dll's ...
Registered in 0.005327 seconds.
Begin MonoManager ReloadAssembly
Error: Could not load signature of iOSNotificationPostProcessor:ShouldAddSettingToPlist due to: Could not load file or assembly 'UnityEditor.iOS.Extensions.Xcode, Version=1.0.0.0, Culture=neutral, PublicKeyToken=null' or one of its dependencies. assembly:UnityEditor.iOS.Extensions.Xcode, Version=1.0.0.0, Culture=neutral, PublicKeyToken=null type:<unknown type> member:(null) signature:<none>
0x00007ff671a9ab2c (Unity) StackWalker::GetCurrentCallstack
0x00007ff671aa1f29 (Unity) StackWalker::ShowCallstack
0x00007ff67280103c (Unity) GetStacktrace
0x00007ff67324b2a3 (Unity) DebugStringToFile
0x00007ff67198c5db (Unity) ScanForAttributesAndInterfaceImplementations
0x00007ff6719b26b3 (Unity) MonoManager::SetupTypeCache
0x00007ff6719a8be3 (Unity) MonoManager::EndReloadAssembly
0x00007ff6719b0057 (Unity) MonoManager::ReloadAssembly
0x00007ff6726b0e41 (Unity) LoadDomainAndUserAssemblies
0x00007ff6726b14a9 (Unity) LoadUserAssemblies
0x00007ff6723b5b44 (Unity) Application::InitializeProject
0x00007ff67280b4f2 (Unity) WinMain
0x00007ff673e9bd4e (Unity) __scrt_common_main_seh
0x00007ffa91c27034 (KERNEL32) BaseThreadInitThunk
0x00007ffa93a22651 (ntdll) RtlUserThreadStart

Unloading broken assembly Library/ScriptAssemblies/Unity.Notifications.dll, this assembly can cause crashes in the runtime
0x00007ff671a9ab2c (Unity) StackWalker::GetCurrentCallstack
0x00007ff671aa1f29 (Unity) StackWalker::ShowCallstack
0x00007ff67280103c (Unity) GetStacktrace
0x00007ff67324b2a3 (Unity) DebugStringToFile
0x00007ff6719b1e95 (Unity) MonoManager::SetupLoadedEditorAssemblies
0x00007ff6719a8f71 (Unity) MonoManager::EndReloadAssembly
0x00007ff6719b0057 (Unity) MonoManager::ReloadAssembly
0x00007ff6726b0e41 (Unity) LoadDomainAndUserAssemblies
0x00007ff6726b14a9 (Unity) LoadUserAssemblies
0x00007ff6723b5b44 (Unity) Application::InitializeProject
0x00007ff67280b4f2 (Unity) WinMain
0x00007ff673e9bd4e (Unity) __scrt_common_main_seh
0x00007ffa91c27034 (KERNEL32) BaseThreadInitThunk
0x00007ffa93a22651 (ntdll) RtlUserThreadStart

Native extension for WindowsStandalone target not found
Native extension for WebGL target not found
Refreshing native plugins compatible for Editor in 46.16 ms, found 3 plugins.
Preloading 0 native plugins for Editor in 0.00 ms.
Mono: successfully reloaded assembly
- Completed reload, in  1.973 seconds
Domain Reload Profiling:
	ReloadAssembly (1974ms)
		BeginReloadAssembly (133ms)
			ExecutionOrderSort (0ms)
			DisableScriptedObjects (4ms)
			BackupInstance (0ms)
			ReleaseScriptingObjects (0ms)
			CreateAndSetChildDomain (18ms)
		EndReloadAssembly (1784ms)
			LoadAssemblies (108ms)
			RebuildTransferFunctionScriptingTraits (0ms)
			SetupTypeCache (1185ms)
			ReleaseScriptCaches (0ms)
			RebuildScriptCaches (42ms)
			SetupLoadedEditorAssemblies (365ms)
				LogAssemblyErrors (1ms)
				InitializePlatformSupportModulesInManaged (4ms)
				SetLoadedEditorAssemblies (0ms)
				RefreshPlugins (46ms)
				BeforeProcessingInitializeOnLoad (87ms)
				ProcessInitializeOnLoadAttributes (205ms)
				ProcessInitializeOnLoadMethodAttributes (14ms)
				AfterProcessingInitializeOnLoad (8ms)
				EditorAssembliesLoaded (0ms)
			ExecutionOrderSort2 (0ms)
			AwakeInstancesAfterBackupRestoration (6ms)
Platform modules already initialized, skipping
========================================================================
Worker process is ready to serve import requests
Launched and connected shader compiler UnityShaderCompiler.exe after 0.05 seconds
Refreshing native plugins compatible for Editor in 0.68 ms, found 3 plugins.
Preloading 0 native plugins for Editor in 0.00 ms.
Unloading 2652 Unused Serialized files (Serialized files now loaded: 0)
System memory in use before: 114.1 MB.
System memory in use after: 114.3 MB.

Unloading 44 unused Assets to reduce memory usage. Loaded Objects now: 3073.
Total: 4.357300 ms (FindLiveObjects: 0.491900 ms CreateObjectMapping: 0.103700 ms MarkObjects: 3.668900 ms  DeleteObjects: 0.091500 ms)

AssetImportParameters requested are different than current active one (requested -> active):
  custom:framework-win-MediaFoundation: 216162199b28c13a410421893ffa2e32 -> 
  custom:video-decoder-ogg-theora: a1e56fd34408186e4bbccfd4996cb3dc -> 
  custom:container-muxer-webm: aa71ff27fc2769a1b78a27578f13a17b -> 
  custom:container-demuxer-webm: 4f35f7cbe854078d1ac9338744f61a02 -> 
  custom:container-demuxer-ogg: 62fdf1f143b41e24485cea50d1cbac27 -> 
  custom:video-encoder-webm-vp8: eb34c28f22e8b96e1ab97ce403110664 -> 
  custom:video-codec-MediaFoundation-h265: 746d11721c4dcdbdad8f713fa42b33f4 -> 
  custom:video-decoder-webm-vp8: 9c59270c3fd7afecdb556c50c9e8de78 -> 
  custom:audio-decoder-ogg-vorbis: bf7c407c2cedff20999df2af8eb42d56 -> 
  custom:audio-encoder-webm-vorbis: bf7c407c2cedff20999df2af8eb42d56 -> 
========================================================================
Received Import Request.
  path: Assets/Scripts/CSVWriter.cs
  artifactKey: Guid(93ba84be127679944b593f252d8187ee) Importer(815301076,1909f56bfc062723c751e8b465ee728b)
Start importing Assets/Scripts/CSVWriter.cs using Guid(93ba84be127679944b593f252d8187ee) Importer(815301076,1909f56bfc062723c751e8b465ee728b)  -> (artifact id: 'afd3973b1b966ec830b079a40e8305b7') in 0.027028 seconds 
  Import took 0.030671 seconds .

========================================================================
Received Import Request.
  Time since last request: 39.957700 seconds.
  path: Assets/Scripts/CSVWriter.cs
  artifactKey: Guid(93ba84be127679944b593f252d8187ee) Importer(815301076,1909f56bfc062723c751e8b465ee728b)
Start importing Assets/Scripts/CSVWriter.cs using Guid(93ba84be127679944b593f252d8187ee) Importer(815301076,1909f56bfc062723c751e8b465ee728b)  -> (artifact id: '59abacffbcd13c3339652d05db25da55') in 0.004890 seconds 
  Import took 0.008971 seconds .

========================================================================
Received Prepare
Registering precompiled user dll's ...
Registered in 0.007621 seconds.
Begin MonoManager ReloadAssembly
Error: Could not load signature of iOSNotificationPostProcessor:ShouldAddSettingToPlist due to: Could not load file or assembly 'UnityEditor.iOS.Extensions.Xcode, Version=1.0.0.0, Culture=neutral, PublicKeyToken=null' or one of its dependencies. assembly:UnityEditor.iOS.Extensions.Xcode, Version=1.0.0.0, Culture=neutral, PublicKeyToken=null type:<unknown type> member:(null) signature:<none>
0x00007ff671a9ab2c (Unity) StackWalker::GetCurrentCallstack
0x00007ff671aa1f29 (Unity) StackWalker::ShowCallstack
0x00007ff67280103c (Unity) GetStacktrace
0x00007ff67324b2a3 (Unity) DebugStringToFile
0x00007ff67198c5db (Unity) ScanForAttributesAndInterfaceImplementations
0x00007ff6719b26b3 (Unity) MonoManager::SetupTypeCache
0x00007ff6719a8be3 (Unity) MonoManager::EndReloadAssembly
0x00007ff6719b0057 (Unity) MonoManager::ReloadAssembly
0x00007ff6726b0e41 (Unity) LoadDomainAndUserAssemblies
0x00007ff6726b14a9 (Unity) LoadUserAssemblies
0x00007ff6728e7118 (Unity) <lambda_b7fd2194c9d98d5c5f8d87939b09ad6c>::operator()
0x00007ff67296e2f2 (Unity) asio::detail::completion_handler<core::mutable_function<void __cdecl(void)> >::do_complete
0x00007ff672970450 (Unity) asio::detail::win_iocp_io_service::do_one
0x00007ff672973bce (Unity) asio::io_service::run
0x00007ff67290f8db (Unity) RunAssetImportWorkerClientV2
0x00007ff67290f930 (Unity) RunAssetImporterV2
0x00007ff6723b5b49 (Unity) Application::InitializeProject
0x00007ff67280b4f2 (Unity) WinMain
0x00007ff673e9bd4e (Unity) __scrt_common_main_seh
0x00007ffa91c27034 (KERNEL32) BaseThreadInitThunk
0x00007ffa93a22651 (ntdll) RtlUserThreadStart

Unloading broken assembly Library/ScriptAssemblies/Unity.Notifications.dll, this assembly can cause crashes in the runtime
0x00007ff671a9ab2c (Unity) StackWalker::GetCurrentCallstack
0x00007ff671aa1f29 (Unity) StackWalker::ShowCallstack
0x00007ff67280103c (Unity) GetStacktrace
0x00007ff67324b2a3 (Unity) DebugStringToFile
0x00007ff6719b1e95 (Unity) MonoManager::SetupLoadedEditorAssemblies
0x00007ff6719a8f71 (Unity) MonoManager::EndReloadAssembly
0x00007ff6719b0057 (Unity) MonoManager::ReloadAssembly
0x00007ff6726b0e41 (Unity) LoadDomainAndUserAssemblies
0x00007ff6726b14a9 (Unity) LoadUserAssemblies
0x00007ff6728e7118 (Unity) <lambda_b7fd2194c9d98d5c5f8d87939b09ad6c>::operator()
0x00007ff67296e2f2 (Unity) asio::detail::completion_handler<core::mutable_function<void __cdecl(void)> >::do_complete
0x00007ff672970450 (Unity) asio::detail::win_iocp_io_service::do_one
0x00007ff672973bce (Unity) asio::io_service::run
0x00007ff67290f8db (Unity) RunAssetImportWorkerClientV2
0x00007ff67290f930 (Unity) RunAssetImporterV2
0x00007ff6723b5b49 (Unity) Application::InitializeProject
0x00007ff67280b4f2 (Unity) WinMain
0x00007ff673e9bd4e (Unity) __scrt_common_main_seh
0x00007ffa91c27034 (KERNEL32) BaseThreadInitThunk
0x00007ffa93a22651 (ntdll) RtlUserThreadStart

Native extension for WindowsStandalone target not found
Native extension for WebGL target not found
Refreshing native plugins compatible for Editor in 0.73 ms, found 3 plugins.
Preloading 0 native plugins for Editor in 0.00 ms.
Mono: successfully reloaded assembly
- Completed reload, in  0.910 seconds
Domain Reload Profiling:
	ReloadAssembly (910ms)
		BeginReloadAssembly (112ms)
			ExecutionOrderSort (0ms)
			DisableScriptedObjects (5ms)
			BackupInstance (0ms)
			ReleaseScriptingObjects (0ms)
			CreateAndSetChildDomain (35ms)
		EndReloadAssembly (747ms)
			LoadAssemblies (91ms)
			RebuildTransferFunctionScriptingTraits (0ms)
			SetupTypeCache (249ms)
			ReleaseScriptCaches (1ms)
			RebuildScriptCaches (33ms)
			SetupLoadedEditorAssemblies (285ms)
				LogAssemblyErrors (1ms)
				InitializePlatformSupportModulesInManaged (4ms)
				SetLoadedEditorAssemblies (0ms)
				RefreshPlugins (1ms)
				BeforeProcessingInitializeOnLoad (80ms)
				ProcessInitializeOnLoadAttributes (183ms)
				ProcessInitializeOnLoadMethodAttributes (9ms)
				AfterProcessingInitializeOnLoad (7ms)
				EditorAssembliesLoaded (0ms)
			ExecutionOrderSort2 (0ms)
			AwakeInstancesAfterBackupRestoration (7ms)
Platform modules already initialized, skipping
Switching build target platform(19) subTarget(0) extendedPlatform(0) -> platform(9) subTarget(16777218) extendedPlatform(0)
Refreshing native plugins compatible for Editor in 0.65 ms, found 3 plugins.
Preloading 0 native plugins for Editor in 0.00 ms.
Unloading 2631 Unused Serialized files (Serialized files now loaded: 0)
System memory in use before: 112.4 MB.
System memory in use after: 112.6 MB.

Unloading 31 unused Assets to reduce memory usage. Loaded Objects now: 3075.
Total: 3.306000 ms (FindLiveObjects: 0.230000 ms CreateObjectMapping: 0.142900 ms MarkObjects: 2.905900 ms  DeleteObjects: 0.026500 ms)

AssetImportParameters requested are different than current active one (requested -> active):
  custom:framework-win-MediaFoundation: 216162199b28c13a410421893ffa2e32 -> 
  custom:video-decoder-ogg-theora: a1e56fd34408186e4bbccfd4996cb3dc -> 
  custom:container-muxer-webm: aa71ff27fc2769a1b78a27578f13a17b -> 
  custom:container-demuxer-webm: 4f35f7cbe854078d1ac9338744f61a02 -> 
  custom:container-demuxer-ogg: 62fdf1f143b41e24485cea50d1cbac27 -> 
  custom:video-encoder-webm-vp8: eb34c28f22e8b96e1ab97ce403110664 -> 
  custom:video-codec-MediaFoundation-h265: 746d11721c4dcdbdad8f713fa42b33f4 -> 
  custom:video-decoder-webm-vp8: 9c59270c3fd7afecdb556c50c9e8de78 -> 
  custom:graphics/normal-map-encoding: 01000000000000000000000000000000 -> 02000000000000000000000000000000
  custom:audio-decoder-ogg-vorbis: bf7c407c2cedff20999df2af8eb42d56 -> 
  custom:audio-encoder-webm-vorbis: bf7c407c2cedff20999df2af8eb42d56 -> 
========================================================================
Received Prepare
Registering precompiled user dll's ...
Registered in 0.004685 seconds.
Begin MonoManager ReloadAssembly
Error: Could not load signature of iOSNotificationPostProcessor:ShouldAddSettingToPlist due to: Could not load file or assembly 'UnityEditor.iOS.Extensions.Xcode, Version=1.0.0.0, Culture=neutral, PublicKeyToken=null' or one of its dependencies. assembly:UnityEditor.iOS.Extensions.Xcode, Version=1.0.0.0, Culture=neutral, PublicKeyToken=null type:<unknown type> member:(null) signature:<none>
0x00007ff671a9ab2c (Unity) StackWalker::GetCurrentCallstack
0x00007ff671aa1f29 (Unity) StackWalker::ShowCallstack
0x00007ff67280103c (Unity) GetStacktrace
0x00007ff67324b2a3 (Unity) DebugStringToFile
0x00007ff67198c5db (Unity) ScanForAttributesAndInterfaceImplementations
0x00007ff6719b26b3 (Unity) MonoManager::SetupTypeCache
0x00007ff6719a8be3 (Unity) MonoManager::EndReloadAssembly
0x00007ff6719b0057 (Unity) MonoManager::ReloadAssembly
0x00007ff6726b0e41 (Unity) LoadDomainAndUserAssemblies
0x00007ff6726b14a9 (Unity) LoadUserAssemblies
0x00007ff6728e7118 (Unity) <lambda_b7fd2194c9d98d5c5f8d87939b09ad6c>::operator()
0x00007ff67296e2f2 (Unity) asio::detail::completion_handler<core::mutable_function<void __cdecl(void)> >::do_complete
0x00007ff672970450 (Unity) asio::detail::win_iocp_io_service::do_one
0x00007ff672973bce (Unity) asio::io_service::run
0x00007ff67290f8db (Unity) RunAssetImportWorkerClientV2
0x00007ff67290f930 (Unity) RunAssetImporterV2
0x00007ff6723b5b49 (Unity) Application::InitializeProject
0x00007ff67280b4f2 (Unity) WinMain
0x00007ff673e9bd4e (Unity) __scrt_common_main_seh
0x00007ffa91c27034 (KERNEL32) BaseThreadInitThunk
0x00007ffa93a22651 (ntdll) RtlUserThreadStart

Unloading broken assembly Library/ScriptAssemblies/Unity.Notifications.dll, this assembly can cause crashes in the runtime
0x00007ff671a9ab2c (Unity) StackWalker::GetCurrentCallstack
0x00007ff671aa1f29 (Unity) StackWalker::ShowCallstack
0x00007ff67280103c (Unity) GetStacktrace
0x00007ff67324b2a3 (Unity) DebugStringToFile
0x00007ff6719b1e95 (Unity) MonoManager::SetupLoadedEditorAssemblies
0x00007ff6719a8f71 (Unity) MonoManager::EndReloadAssembly
0x00007ff6719b0057 (Unity) MonoManager::ReloadAssembly
0x00007ff6726b0e41 (Unity) LoadDomainAndUserAssemblies
0x00007ff6726b14a9 (Unity) LoadUserAssemblies
0x00007ff6728e7118 (Unity) <lambda_b7fd2194c9d98d5c5f8d87939b09ad6c>::operator()
0x00007ff67296e2f2 (Unity) asio::detail::completion_handler<core::mutable_function<void __cdecl(void)> >::do_complete
0x00007ff672970450 (Unity) asio::detail::win_iocp_io_service::do_one
0x00007ff672973bce (Unity) asio::io_service::run
0x00007ff67290f8db (Unity) RunAssetImportWorkerClientV2
0x00007ff67290f930 (Unity) RunAssetImporterV2
0x00007ff6723b5b49 (Unity) Application::InitializeProject
0x00007ff67280b4f2 (Unity) WinMain
0x00007ff673e9bd4e (Unity) __scrt_common_main_seh
0x00007ffa91c27034 (KERNEL32) BaseThreadInitThunk
0x00007ffa93a22651 (ntdll) RtlUserThreadStart

Native extension for WindowsStandalone target not found
Native extension for WebGL target not found
Refreshing native plugins compatible for Editor in 0.67 ms, found 3 plugins.
Preloading 0 native plugins for Editor in 0.00 ms.
Mono: successfully reloaded assembly
- Completed reload, in  0.897 seconds
Domain Reload Profiling:
	ReloadAssembly (897ms)
		BeginReloadAssembly (105ms)
			ExecutionOrderSort (0ms)
			DisableScriptedObjects (5ms)
			BackupInstance (0ms)
			ReleaseScriptingObjects (0ms)
			CreateAndSetChildDomain (31ms)
		EndReloadAssembly (743ms)
			LoadAssemblies (91ms)
			RebuildTransferFunctionScriptingTraits (0ms)
			SetupTypeCache (244ms)
			ReleaseScriptCaches (1ms)
			RebuildScriptCaches (30ms)
			SetupLoadedEditorAssemblies (288ms)
				LogAssemblyErrors (1ms)
				InitializePlatformSupportModulesInManaged (4ms)
				SetLoadedEditorAssemblies (0ms)
				RefreshPlugins (1ms)
				BeforeProcessingInitializeOnLoad (77ms)
				ProcessInitializeOnLoadAttributes (189ms)
				ProcessInitializeOnLoadMethodAttributes (9ms)
				AfterProcessingInitializeOnLoad (8ms)
				EditorAssembliesLoaded (0ms)
			ExecutionOrderSort2 (0ms)
			AwakeInstancesAfterBackupRestoration (7ms)
Platform modules already initialized, skipping
Switching build target platform(19) subTarget(0) extendedPlatform(0) -> platform(9) subTarget(16777218) extendedPlatform(0)
Refreshing native plugins compatible for Editor in 0.65 ms, found 3 plugins.
Preloading 0 native plugins for Editor in 0.00 ms.
Unloading 2631 Unused Serialized files (Serialized files now loaded: 0)
System memory in use before: 112.4 MB.
System memory in use after: 112.7 MB.

Unloading 31 unused Assets to reduce memory usage. Loaded Objects now: 3077.
Total: 2.932300 ms (FindLiveObjects: 0.211400 ms CreateObjectMapping: 0.083300 ms MarkObjects: 2.609600 ms  DeleteObjects: 0.026700 ms)

AssetImportParameters requested are different than current active one (requested -> active):
  custom:framework-win-MediaFoundation: 216162199b28c13a410421893ffa2e32 -> 
  custom:video-decoder-ogg-theora: a1e56fd34408186e4bbccfd4996cb3dc -> 
  custom:container-muxer-webm: aa71ff27fc2769a1b78a27578f13a17b -> 
  custom:container-demuxer-webm: 4f35f7cbe854078d1ac9338744f61a02 -> 
  custom:container-demuxer-ogg: 62fdf1f143b41e24485cea50d1cbac27 -> 
  custom:video-encoder-webm-vp8: eb34c28f22e8b96e1ab97ce403110664 -> 
  custom:video-codec-MediaFoundation-h265: 746d11721c4dcdbdad8f713fa42b33f4 -> 
  custom:video-decoder-webm-vp8: 9c59270c3fd7afecdb556c50c9e8de78 -> 
  custom:graphics/normal-map-encoding: 01000000000000000000000000000000 -> 02000000000000000000000000000000
  custom:audio-decoder-ogg-vorbis: bf7c407c2cedff20999df2af8eb42d56 -> 
  custom:audio-encoder-webm-vorbis: bf7c407c2cedff20999df2af8eb42d56 -> 
========================================================================
Received Prepare
Registering precompiled user dll's ...
Registered in 0.005473 seconds.
Begin MonoManager ReloadAssembly
Error: Could not load signature of iOSNotificationPostProcessor:ShouldAddSettingToPlist due to: Could not load file or assembly 'UnityEditor.iOS.Extensions.Xcode, Version=1.0.0.0, Culture=neutral, PublicKeyToken=null' or one of its dependencies. assembly:UnityEditor.iOS.Extensions.Xcode, Version=1.0.0.0, Culture=neutral, PublicKeyToken=null type:<unknown type> member:(null) signature:<none>
0x00007ff671a9ab2c (Unity) StackWalker::GetCurrentCallstack
0x00007ff671aa1f29 (Unity) StackWalker::ShowCallstack
0x00007ff67280103c (Unity) GetStacktrace
0x00007ff67324b2a3 (Unity) DebugStringToFile
0x00007ff67198c5db (Unity) ScanForAttributesAndInterfaceImplementations
0x00007ff6719b26b3 (Unity) MonoManager::SetupTypeCache
0x00007ff6719a8be3 (Unity) MonoManager::EndReloadAssembly
0x00007ff6719b0057 (Unity) MonoManager::ReloadAssembly
0x00007ff6726b0e41 (Unity) LoadDomainAndUserAssemblies
0x00007ff6726b14a9 (Unity) LoadUserAssemblies
0x00007ff6728e7118 (Unity) <lambda_b7fd2194c9d98d5c5f8d87939b09ad6c>::operator()
0x00007ff67296e2f2 (Unity) asio::detail::completion_handler<core::mutable_function<void __cdecl(void)> >::do_complete
0x00007ff672970450 (Unity) asio::detail::win_iocp_io_service::do_one
0x00007ff672973bce (Unity) asio::io_service::run
0x00007ff67290f8db (Unity) RunAssetImportWorkerClientV2
0x00007ff67290f930 (Unity) RunAssetImporterV2
0x00007ff6723b5b49 (Unity) Application::InitializeProject
0x00007ff67280b4f2 (Unity) WinMain
0x00007ff673e9bd4e (Unity) __scrt_common_main_seh
0x00007ffa91c27034 (KERNEL32) BaseThreadInitThunk
0x00007ffa93a22651 (ntdll) RtlUserThreadStart

Unloading broken assembly Library/ScriptAssemblies/Unity.Notifications.dll, this assembly can cause crashes in the runtime
0x00007ff671a9ab2c (Unity) StackWalker::GetCurrentCallstack
0x00007ff671aa1f29 (Unity) StackWalker::ShowCallstack
0x00007ff67280103c (Unity) GetStacktrace
0x00007ff67324b2a3 (Unity) DebugStringToFile
0x00007ff6719b1e95 (Unity) MonoManager::SetupLoadedEditorAssemblies
0x00007ff6719a8f71 (Unity) MonoManager::EndReloadAssembly
0x00007ff6719b0057 (Unity) MonoManager::ReloadAssembly
0x00007ff6726b0e41 (Unity) LoadDomainAndUserAssemblies
0x00007ff6726b14a9 (Unity) LoadUserAssemblies
0x00007ff6728e7118 (Unity) <lambda_b7fd2194c9d98d5c5f8d87939b09ad6c>::operator()
0x00007ff67296e2f2 (Unity) asio::detail::completion_handler<core::mutable_function<void __cdecl(void)> >::do_complete
0x00007ff672970450 (Unity) asio::detail::win_iocp_io_service::do_one
0x00007ff672973bce (Unity) asio::io_service::run
0x00007ff67290f8db (Unity) RunAssetImportWorkerClientV2
0x00007ff67290f930 (Unity) RunAssetImporterV2
0x00007ff6723b5b49 (Unity) Application::InitializeProject
0x00007ff67280b4f2 (Unity) WinMain
0x00007ff673e9bd4e (Unity) __scrt_common_main_seh
0x00007ffa91c27034 (KERNEL32) BaseThreadInitThunk
0x00007ffa93a22651 (ntdll) RtlUserThreadStart

Native extension for WindowsStandalone target not found
Native extension for WebGL target not found
Refreshing native plugins compatible for Editor in 0.67 ms, found 3 plugins.
Preloading 0 native plugins for Editor in 0.00 ms.
Mono: successfully reloaded assembly
- Completed reload, in  0.920 seconds
Domain Reload Profiling:
	ReloadAssembly (920ms)
		BeginReloadAssembly (109ms)
			ExecutionOrderSort (0ms)
			DisableScriptedObjects (5ms)
			BackupInstance (0ms)
			ReleaseScriptingObjects (0ms)
			CreateAndSetChildDomain (32ms)
		EndReloadAssembly (759ms)
			LoadAssemblies (91ms)
			RebuildTransferFunctionScriptingTraits (0ms)
			SetupTypeCache (242ms)
			ReleaseScriptCaches (1ms)
			RebuildScriptCaches (32ms)
			SetupLoadedEditorAssemblies (290ms)
				LogAssemblyErrors (1ms)
				InitializePlatformSupportModulesInManaged (4ms)
				SetLoadedEditorAssemblies (0ms)
				RefreshPlugins (1ms)
				BeforeProcessingInitializeOnLoad (78ms)
				ProcessInitializeOnLoadAttributes (189ms)
				ProcessInitializeOnLoadMethodAttributes (9ms)
				AfterProcessingInitializeOnLoad (8ms)
				EditorAssembliesLoaded (0ms)
			ExecutionOrderSort2 (0ms)
			AwakeInstancesAfterBackupRestoration (9ms)
Platform modules already initialized, skipping
Switching build target platform(19) subTarget(0) extendedPlatform(0) -> platform(9) subTarget(16777218) extendedPlatform(0)
Refreshing native plugins compatible for Editor in 0.72 ms, found 3 plugins.
Preloading 0 native plugins for Editor in 0.00 ms.
Unloading 2631 Unused Serialized files (Serialized files now loaded: 0)
System memory in use before: 112.5 MB.
System memory in use after: 112.7 MB.

Unloading 31 unused Assets to reduce memory usage. Loaded Objects now: 3079.
Total: 3.269800 ms (FindLiveObjects: 0.216600 ms CreateObjectMapping: 0.088700 ms MarkObjects: 2.938200 ms  DeleteObjects: 0.025600 ms)

AssetImportParameters requested are different than current active one (requested -> active):
  custom:framework-win-MediaFoundation: 216162199b28c13a410421893ffa2e32 -> 
  custom:video-decoder-ogg-theora: a1e56fd34408186e4bbccfd4996cb3dc -> 
  custom:container-muxer-webm: aa71ff27fc2769a1b78a27578f13a17b -> 
  custom:container-demuxer-webm: 4f35f7cbe854078d1ac9338744f61a02 -> 
  custom:container-demuxer-ogg: 62fdf1f143b41e24485cea50d1cbac27 -> 
  custom:video-encoder-webm-vp8: eb34c28f22e8b96e1ab97ce403110664 -> 
  custom:video-codec-MediaFoundation-h265: 746d11721c4dcdbdad8f713fa42b33f4 -> 
  custom:video-decoder-webm-vp8: 9c59270c3fd7afecdb556c50c9e8de78 -> 
  custom:graphics/normal-map-encoding: 01000000000000000000000000000000 -> 02000000000000000000000000000000
  custom:audio-decoder-ogg-vorbis: bf7c407c2cedff20999df2af8eb42d56 -> 
  custom:audio-encoder-webm-vorbis: bf7c407c2cedff20999df2af8eb42d56 -> 
========================================================================
Received Prepare
Registering precompiled user dll's ...
Registered in 0.006481 seconds.
Begin MonoManager ReloadAssembly
Error: Could not load signature of iOSNotificationPostProcessor:ShouldAddSettingToPlist due to: Could not load file or assembly 'UnityEditor.iOS.Extensions.Xcode, Version=1.0.0.0, Culture=neutral, PublicKeyToken=null' or one of its dependencies. assembly:UnityEditor.iOS.Extensions.Xcode, Version=1.0.0.0, Culture=neutral, PublicKeyToken=null type:<unknown type> member:(null) signature:<none>
0x00007ff671a9ab2c (Unity) StackWalker::GetCurrentCallstack
0x00007ff671aa1f29 (Unity) StackWalker::ShowCallstack
0x00007ff67280103c (Unity) GetStacktrace
0x00007ff67324b2a3 (Unity) DebugStringToFile
0x00007ff67198c5db (Unity) ScanForAttributesAndInterfaceImplementations
0x00007ff6719b26b3 (Unity) MonoManager::SetupTypeCache
0x00007ff6719a8be3 (Unity) MonoManager::EndReloadAssembly
0x00007ff6719b0057 (Unity) MonoManager::ReloadAssembly
0x00007ff6726b0e41 (Unity) LoadDomainAndUserAssemblies
0x00007ff6726b14a9 (Unity) LoadUserAssemblies
0x00007ff6728e7118 (Unity) <lambda_b7fd2194c9d98d5c5f8d87939b09ad6c>::operator()
0x00007ff67296e2f2 (Unity) asio::detail::completion_handler<core::mutable_function<void __cdecl(void)> >::do_complete
0x00007ff672970450 (Unity) asio::detail::win_iocp_io_service::do_one
0x00007ff672973bce (Unity) asio::io_service::run
0x00007ff67290f8db (Unity) RunAssetImportWorkerClientV2
0x00007ff67290f930 (Unity) RunAssetImporterV2
0x00007ff6723b5b49 (Unity) Application::InitializeProject
0x00007ff67280b4f2 (Unity) WinMain
0x00007ff673e9bd4e (Unity) __scrt_common_main_seh
0x00007ffa91c27034 (KERNEL32) BaseThreadInitThunk
0x00007ffa93a22651 (ntdll) RtlUserThreadStart

Unloading broken assembly Library/ScriptAssemblies/Unity.Notifications.dll, this assembly can cause crashes in the runtime
0x00007ff671a9ab2c (Unity) StackWalker::GetCurrentCallstack
0x00007ff671aa1f29 (Unity) StackWalker::ShowCallstack
0x00007ff67280103c (Unity) GetStacktrace
0x00007ff67324b2a3 (Unity) DebugStringToFile
0x00007ff6719b1e95 (Unity) MonoManager::SetupLoadedEditorAssemblies
0x00007ff6719a8f71 (Unity) MonoManager::EndReloadAssembly
0x00007ff6719b0057 (Unity) MonoManager::ReloadAssembly
0x00007ff6726b0e41 (Unity) LoadDomainAndUserAssemblies
0x00007ff6726b14a9 (Unity) LoadUserAssemblies
0x00007ff6728e7118 (Unity) <lambda_b7fd2194c9d98d5c5f8d87939b09ad6c>::operator()
0x00007ff67296e2f2 (Unity) asio::detail::completion_handler<core::mutable_function<void __cdecl(void)> >::do_complete
0x00007ff672970450 (Unity) asio::detail::win_iocp_io_service::do_one
0x00007ff672973bce (Unity) asio::io_service::run
0x00007ff67290f8db (Unity) RunAssetImportWorkerClientV2
0x00007ff67290f930 (Unity) RunAssetImporterV2
0x00007ff6723b5b49 (Unity) Application::InitializeProject
0x00007ff67280b4f2 (Unity) WinMain
0x00007ff673e9bd4e (Unity) __scrt_common_main_seh
0x00007ffa91c27034 (KERNEL32) BaseThreadInitThunk
0x00007ffa93a22651 (ntdll) RtlUserThreadStart

Native extension for WindowsStandalone target not found
Native extension for WebGL target not found
Refreshing native plugins compatible for Editor in 1.26 ms, found 3 plugins.
Preloading 0 native plugins for Editor in 0.00 ms.
Mono: successfully reloaded assembly
- Completed reload, in  1.150 seconds
Domain Reload Profiling:
	ReloadAssembly (1151ms)
		BeginReloadAssembly (108ms)
			ExecutionOrderSort (0ms)
			DisableScriptedObjects (5ms)
			BackupInstance (0ms)
			ReleaseScriptingObjects (0ms)
			CreateAndSetChildDomain (31ms)
		EndReloadAssembly (989ms)
			LoadAssemblies (92ms)
			RebuildTransferFunctionScriptingTraits (0ms)
			SetupTypeCache (247ms)
			ReleaseScriptCaches (2ms)
			RebuildScriptCaches (49ms)
			SetupLoadedEditorAssemblies (443ms)
				LogAssemblyErrors (1ms)
				InitializePlatformSupportModulesInManaged (6ms)
				SetLoadedEditorAssemblies (1ms)
				RefreshPlugins (1ms)
				BeforeProcessingInitializeOnLoad (103ms)
				ProcessInitializeOnLoadAttributes (305ms)
				ProcessInitializeOnLoadMethodAttributes (13ms)
				AfterProcessingInitializeOnLoad (12ms)
				EditorAssembliesLoaded (0ms)
			ExecutionOrderSort2 (0ms)
			AwakeInstancesAfterBackupRestoration (9ms)
Platform modules already initialized, skipping
Switching build target platform(19) subTarget(0) extendedPlatform(0) -> platform(9) subTarget(16777218) extendedPlatform(0)
Refreshing native plugins compatible for Editor in 0.70 ms, found 3 plugins.
Preloading 0 native plugins for Editor in 0.00 ms.
Unloading 2631 Unused Serialized files (Serialized files now loaded: 0)
System memory in use before: 112.5 MB.
System memory in use after: 112.7 MB.

Unloading 31 unused Assets to reduce memory usage. Loaded Objects now: 3081.
Total: 3.543500 ms (FindLiveObjects: 0.307000 ms CreateObjectMapping: 0.084700 ms MarkObjects: 3.120600 ms  DeleteObjects: 0.030200 ms)

AssetImportParameters requested are different than current active one (requested -> active):
  custom:framework-win-MediaFoundation: 216162199b28c13a410421893ffa2e32 -> 
  custom:video-decoder-ogg-theora: a1e56fd34408186e4bbccfd4996cb3dc -> 
  custom:container-muxer-webm: aa71ff27fc2769a1b78a27578f13a17b -> 
  custom:container-demuxer-webm: 4f35f7cbe854078d1ac9338744f61a02 -> 
  custom:container-demuxer-ogg: 62fdf1f143b41e24485cea50d1cbac27 -> 
  custom:video-encoder-webm-vp8: eb34c28f22e8b96e1ab97ce403110664 -> 
  custom:video-codec-MediaFoundation-h265: 746d11721c4dcdbdad8f713fa42b33f4 -> 
  custom:video-decoder-webm-vp8: 9c59270c3fd7afecdb556c50c9e8de78 -> 
  custom:graphics/normal-map-encoding: 01000000000000000000000000000000 -> 02000000000000000000000000000000
  custom:audio-decoder-ogg-vorbis: bf7c407c2cedff20999df2af8eb42d56 -> 
  custom:audio-encoder-webm-vorbis: bf7c407c2cedff20999df2af8eb42d56 -> 
========================================================================
Received Prepare
Registering precompiled user dll's ...
Registered in 0.005812 seconds.
Begin MonoManager ReloadAssembly
Error: Could not load signature of iOSNotificationPostProcessor:ShouldAddSettingToPlist due to: Could not load file or assembly 'UnityEditor.iOS.Extensions.Xcode, Version=1.0.0.0, Culture=neutral, PublicKeyToken=null' or one of its dependencies. assembly:UnityEditor.iOS.Extensions.Xcode, Version=1.0.0.0, Culture=neutral, PublicKeyToken=null type:<unknown type> member:(null) signature:<none>
0x00007ff671a9ab2c (Unity) StackWalker::GetCurrentCallstack
0x00007ff671aa1f29 (Unity) StackWalker::ShowCallstack
0x00007ff67280103c (Unity) GetStacktrace
0x00007ff67324b2a3 (Unity) DebugStringToFile
0x00007ff67198c5db (Unity) ScanForAttributesAndInterfaceImplementations
0x00007ff6719b26b3 (Unity) MonoManager::SetupTypeCache
0x00007ff6719a8be3 (Unity) MonoManager::EndReloadAssembly
0x00007ff6719b0057 (Unity) MonoManager::ReloadAssembly
0x00007ff6726b0e41 (Unity) LoadDomainAndUserAssemblies
0x00007ff6726b14a9 (Unity) LoadUserAssemblies
0x00007ff6728e7118 (Unity) <lambda_b7fd2194c9d98d5c5f8d87939b09ad6c>::operator()
0x00007ff67296e2f2 (Unity) asio::detail::completion_handler<core::mutable_function<void __cdecl(void)> >::do_complete
0x00007ff672970450 (Unity) asio::detail::win_iocp_io_service::do_one
0x00007ff672973bce (Unity) asio::io_service::run
0x00007ff67290f8db (Unity) RunAssetImportWorkerClientV2
0x00007ff67290f930 (Unity) RunAssetImporterV2
0x00007ff6723b5b49 (Unity) Application::InitializeProject
0x00007ff67280b4f2 (Unity) WinMain
0x00007ff673e9bd4e (Unity) __scrt_common_main_seh
0x00007ffa91c27034 (KERNEL32) BaseThreadInitThunk
0x00007ffa93a22651 (ntdll) RtlUserThreadStart

Unloading broken assembly Library/ScriptAssemblies/Unity.Notifications.dll, this assembly can cause crashes in the runtime
0x00007ff671a9ab2c (Unity) StackWalker::GetCurrentCallstack
0x00007ff671aa1f29 (Unity) StackWalker::ShowCallstack
0x00007ff67280103c (Unity) GetStacktrace
0x00007ff67324b2a3 (Unity) DebugStringToFile
0x00007ff6719b1e95 (Unity) MonoManager::SetupLoadedEditorAssemblies
0x00007ff6719a8f71 (Unity) MonoManager::EndReloadAssembly
0x00007ff6719b0057 (Unity) MonoManager::ReloadAssembly
0x00007ff6726b0e41 (Unity) LoadDomainAndUserAssemblies
0x00007ff6726b14a9 (Unity) LoadUserAssemblies
0x00007ff6728e7118 (Unity) <lambda_b7fd2194c9d98d5c5f8d87939b09ad6c>::operator()
0x00007ff67296e2f2 (Unity) asio::detail::completion_handler<core::mutable_function<void __cdecl(void)> >::do_complete
0x00007ff672970450 (Unity) asio::detail::win_iocp_io_service::do_one
0x00007ff672973bce (Unity) asio::io_service::run
0x00007ff67290f8db (Unity) RunAssetImportWorkerClientV2
0x00007ff67290f930 (Unity) RunAssetImporterV2
0x00007ff6723b5b49 (Unity) Application::InitializeProject
0x00007ff67280b4f2 (Unity) WinMain
0x00007ff673e9bd4e (Unity) __scrt_common_main_seh
0x00007ffa91c27034 (KERNEL32) BaseThreadInitThunk
0x00007ffa93a22651 (ntdll) RtlUserThreadStart

Native extension for WindowsStandalone target not found
Native extension for WebGL target not found
Refreshing native plugins compatible for Editor in 0.69 ms, found 3 plugins.
Preloading 0 native plugins for Editor in 0.00 ms.
Mono: successfully reloaded assembly
- Completed reload, in  0.966 seconds
Domain Reload Profiling:
	ReloadAssembly (966ms)
		BeginReloadAssembly (109ms)
			ExecutionOrderSort (0ms)
			DisableScriptedObjects (5ms)
			BackupInstance (0ms)
			ReleaseScriptingObjects (0ms)
			CreateAndSetChildDomain (31ms)
		EndReloadAssembly (803ms)
			LoadAssemblies (94ms)
			RebuildTransferFunctionScriptingTraits (0ms)
			SetupTypeCache (236ms)
			ReleaseScriptCaches (1ms)
			RebuildScriptCaches (35ms)
			SetupLoadedEditorAssemblies (314ms)
				LogAssemblyErrors (1ms)
				InitializePlatformSupportModulesInManaged (4ms)
				SetLoadedEditorAssemblies (0ms)
				RefreshPlugins (1ms)
				BeforeProcessingInitializeOnLoad (81ms)
				ProcessInitializeOnLoadAttributes (210ms)
				ProcessInitializeOnLoadMethodAttributes (9ms)
				AfterProcessingInitializeOnLoad (8ms)
				EditorAssembliesLoaded (0ms)
			ExecutionOrderSort2 (0ms)
			AwakeInstancesAfterBackupRestoration (8ms)
Platform modules already initialized, skipping
Switching build target platform(19) subTarget(0) extendedPlatform(0) -> platform(9) subTarget(16777218) extendedPlatform(0)
Refreshing native plugins compatible for Editor in 0.71 ms, found 3 plugins.
Preloading 0 native plugins for Editor in 0.00 ms.
Unloading 2631 Unused Serialized files (Serialized files now loaded: 0)
System memory in use before: 112.4 MB.
System memory in use after: 112.6 MB.

Unloading 31 unused Assets to reduce memory usage. Loaded Objects now: 3083.
Total: 3.100400 ms (FindLiveObjects: 0.233100 ms CreateObjectMapping: 0.090200 ms MarkObjects: 2.750000 ms  DeleteObjects: 0.026300 ms)

AssetImportParameters requested are different than current active one (requested -> active):
  custom:framework-win-MediaFoundation: 216162199b28c13a410421893ffa2e32 -> 
  custom:video-decoder-ogg-theora: a1e56fd34408186e4bbccfd4996cb3dc -> 
  custom:container-muxer-webm: aa71ff27fc2769a1b78a27578f13a17b -> 
  custom:container-demuxer-webm: 4f35f7cbe854078d1ac9338744f61a02 -> 
  custom:container-demuxer-ogg: 62fdf1f143b41e24485cea50d1cbac27 -> 
  custom:video-encoder-webm-vp8: eb34c28f22e8b96e1ab97ce403110664 -> 
  custom:video-codec-MediaFoundation-h265: 746d11721c4dcdbdad8f713fa42b33f4 -> 
  custom:video-decoder-webm-vp8: 9c59270c3fd7afecdb556c50c9e8de78 -> 
  custom:graphics/normal-map-encoding: 01000000000000000000000000000000 -> 02000000000000000000000000000000
  custom:audio-decoder-ogg-vorbis: bf7c407c2cedff20999df2af8eb42d56 -> 
  custom:audio-encoder-webm-vorbis: bf7c407c2cedff20999df2af8eb42d56 -> 
========================================================================
Received Prepare
Registering precompiled user dll's ...
Registered in 0.005620 seconds.
Begin MonoManager ReloadAssembly
Error: Could not load signature of iOSNotificationPostProcessor:ShouldAddSettingToPlist due to: Could not load file or assembly 'UnityEditor.iOS.Extensions.Xcode, Version=1.0.0.0, Culture=neutral, PublicKeyToken=null' or one of its dependencies. assembly:UnityEditor.iOS.Extensions.Xcode, Version=1.0.0.0, Culture=neutral, PublicKeyToken=null type:<unknown type> member:(null) signature:<none>
0x00007ff671a9ab2c (Unity) StackWalker::GetCurrentCallstack
0x00007ff671aa1f29 (Unity) StackWalker::ShowCallstack
0x00007ff67280103c (Unity) GetStacktrace
0x00007ff67324b2a3 (Unity) DebugStringToFile
0x00007ff67198c5db (Unity) ScanForAttributesAndInterfaceImplementations
0x00007ff6719b26b3 (Unity) MonoManager::SetupTypeCache
0x00007ff6719a8be3 (Unity) MonoManager::EndReloadAssembly
0x00007ff6719b0057 (Unity) MonoManager::ReloadAssembly
0x00007ff6726b0e41 (Unity) LoadDomainAndUserAssemblies
0x00007ff6726b14a9 (Unity) LoadUserAssemblies
0x00007ff6728e7118 (Unity) <lambda_b7fd2194c9d98d5c5f8d87939b09ad6c>::operator()
0x00007ff67296e2f2 (Unity) asio::detail::completion_handler<core::mutable_function<void __cdecl(void)> >::do_complete
0x00007ff672970450 (Unity) asio::detail::win_iocp_io_service::do_one
0x00007ff672973bce (Unity) asio::io_service::run
0x00007ff67290f8db (Unity) RunAssetImportWorkerClientV2
0x00007ff67290f930 (Unity) RunAssetImporterV2
0x00007ff6723b5b49 (Unity) Application::InitializeProject
0x00007ff67280b4f2 (Unity) WinMain
0x00007ff673e9bd4e (Unity) __scrt_common_main_seh
0x00007ffa91c27034 (KERNEL32) BaseThreadInitThunk
0x00007ffa93a22651 (ntdll) RtlUserThreadStart

Unloading broken assembly Library/ScriptAssemblies/Unity.Notifications.dll, this assembly can cause crashes in the runtime
0x00007ff671a9ab2c (Unity) StackWalker::GetCurrentCallstack
0x00007ff671aa1f29 (Unity) StackWalker::ShowCallstack
0x00007ff67280103c (Unity) GetStacktrace
0x00007ff67324b2a3 (Unity) DebugStringToFile
0x00007ff6719b1e95 (Unity) MonoManager::SetupLoadedEditorAssemblies
0x00007ff6719a8f71 (Unity) MonoManager::EndReloadAssembly
0x00007ff6719b0057 (Unity) MonoManager::ReloadAssembly
0x00007ff6726b0e41 (Unity) LoadDomainAndUserAssemblies
0x00007ff6726b14a9 (Unity) LoadUserAssemblies
0x00007ff6728e7118 (Unity) <lambda_b7fd2194c9d98d5c5f8d87939b09ad6c>::operator()
0x00007ff67296e2f2 (Unity) asio::detail::completion_handler<core::mutable_function<void __cdecl(void)> >::do_complete
0x00007ff672970450 (Unity) asio::detail::win_iocp_io_service::do_one
0x00007ff672973bce (Unity) asio::io_service::run
0x00007ff67290f8db (Unity) RunAssetImportWorkerClientV2
0x00007ff67290f930 (Unity) RunAssetImporterV2
0x00007ff6723b5b49 (Unity) Application::InitializeProject
0x00007ff67280b4f2 (Unity) WinMain
0x00007ff673e9bd4e (Unity) __scrt_common_main_seh
0x00007ffa91c27034 (KERNEL32) BaseThreadInitThunk
0x00007ffa93a22651 (ntdll) RtlUserThreadStart

Native extension for WindowsStandalone target not found
Native extension for WebGL target not found
Refreshing native plugins compatible for Editor in 0.70 ms, found 3 plugins.
Preloading 0 native plugins for Editor in 0.00 ms.
Mono: successfully reloaded assembly
- Completed reload, in  0.974 seconds
Domain Reload Profiling:
	ReloadAssembly (975ms)
		BeginReloadAssembly (110ms)
			ExecutionOrderSort (0ms)
			DisableScriptedObjects (5ms)
			BackupInstance (0ms)
			ReleaseScriptingObjects (0ms)
			CreateAndSetChildDomain (32ms)
		EndReloadAssembly (810ms)
			LoadAssemblies (92ms)
			RebuildTransferFunctionScriptingTraits (0ms)
			SetupTypeCache (237ms)
			ReleaseScriptCaches (1ms)
			RebuildScriptCaches (38ms)
			SetupLoadedEditorAssemblies (312ms)
				LogAssemblyErrors (1ms)
				InitializePlatformSupportModulesInManaged (4ms)
				SetLoadedEditorAssemblies (0ms)
				RefreshPlugins (1ms)
				BeforeProcessingInitializeOnLoad (89ms)
				ProcessInitializeOnLoadAttributes (199ms)
				ProcessInitializeOnLoadMethodAttributes (9ms)
				AfterProcessingInitializeOnLoad (8ms)
				EditorAssembliesLoaded (0ms)
			ExecutionOrderSort2 (0ms)
			AwakeInstancesAfterBackupRestoration (7ms)
Platform modules already initialized, skipping
Switching build target platform(19) subTarget(0) extendedPlatform(0) -> platform(9) subTarget(16777218) extendedPlatform(0)
Refreshing native plugins compatible for Editor in 0.82 ms, found 3 plugins.
Preloading 0 native plugins for Editor in 0.00 ms.
Unloading 2631 Unused Serialized files (Serialized files now loaded: 0)
System memory in use before: 112.5 MB.
System memory in use after: 112.7 MB.

Unloading 31 unused Assets to reduce memory usage. Loaded Objects now: 3085.
Total: 3.804600 ms (FindLiveObjects: 0.231300 ms CreateObjectMapping: 0.129500 ms MarkObjects: 3.410600 ms  DeleteObjects: 0.032200 ms)

AssetImportParameters requested are different than current active one (requested -> active):
  custom:framework-win-MediaFoundation: 216162199b28c13a410421893ffa2e32 -> 
  custom:video-decoder-ogg-theora: a1e56fd34408186e4bbccfd4996cb3dc -> 
  custom:container-muxer-webm: aa71ff27fc2769a1b78a27578f13a17b -> 
  custom:container-demuxer-webm: 4f35f7cbe854078d1ac9338744f61a02 -> 
  custom:container-demuxer-ogg: 62fdf1f143b41e24485cea50d1cbac27 -> 
  custom:video-encoder-webm-vp8: eb34c28f22e8b96e1ab97ce403110664 -> 
  custom:video-codec-MediaFoundation-h265: 746d11721c4dcdbdad8f713fa42b33f4 -> 
  custom:video-decoder-webm-vp8: 9c59270c3fd7afecdb556c50c9e8de78 -> 
  custom:graphics/normal-map-encoding: 01000000000000000000000000000000 -> 02000000000000000000000000000000
  custom:audio-decoder-ogg-vorbis: bf7c407c2cedff20999df2af8eb42d56 -> 
  custom:audio-encoder-webm-vorbis: bf7c407c2cedff20999df2af8eb42d56 -> 
========================================================================
Received Prepare
Registering precompiled user dll's ...
Registered in 0.005608 seconds.
Begin MonoManager ReloadAssembly
Error: Could not load signature of iOSNotificationPostProcessor:ShouldAddSettingToPlist due to: Could not load file or assembly 'UnityEditor.iOS.Extensions.Xcode, Version=1.0.0.0, Culture=neutral, PublicKeyToken=null' or one of its dependencies. assembly:UnityEditor.iOS.Extensions.Xcode, Version=1.0.0.0, Culture=neutral, PublicKeyToken=null type:<unknown type> member:(null) signature:<none>
0x00007ff671a9ab2c (Unity) StackWalker::GetCurrentCallstack
0x00007ff671aa1f29 (Unity) StackWalker::ShowCallstack
0x00007ff67280103c (Unity) GetStacktrace
0x00007ff67324b2a3 (Unity) DebugStringToFile
0x00007ff67198c5db (Unity) ScanForAttributesAndInterfaceImplementations
0x00007ff6719b26b3 (Unity) MonoManager::SetupTypeCache
0x00007ff6719a8be3 (Unity) MonoManager::EndReloadAssembly
0x00007ff6719b0057 (Unity) MonoManager::ReloadAssembly
0x00007ff6726b0e41 (Unity) LoadDomainAndUserAssemblies
0x00007ff6726b14a9 (Unity) LoadUserAssemblies
0x00007ff6728e7118 (Unity) <lambda_b7fd2194c9d98d5c5f8d87939b09ad6c>::operator()
0x00007ff67296e2f2 (Unity) asio::detail::completion_handler<core::mutable_function<void __cdecl(void)> >::do_complete
0x00007ff672970450 (Unity) asio::detail::win_iocp_io_service::do_one
0x00007ff672973bce (Unity) asio::io_service::run
0x00007ff67290f8db (Unity) RunAssetImportWorkerClientV2
0x00007ff67290f930 (Unity) RunAssetImporterV2
0x00007ff6723b5b49 (Unity) Application::InitializeProject
0x00007ff67280b4f2 (Unity) WinMain
0x00007ff673e9bd4e (Unity) __scrt_common_main_seh
0x00007ffa91c27034 (KERNEL32) BaseThreadInitThunk
0x00007ffa93a22651 (ntdll) RtlUserThreadStart

Unloading broken assembly Library/ScriptAssemblies/Unity.Notifications.dll, this assembly can cause crashes in the runtime
0x00007ff671a9ab2c (Unity) StackWalker::GetCurrentCallstack
0x00007ff671aa1f29 (Unity) StackWalker::ShowCallstack
0x00007ff67280103c (Unity) GetStacktrace
0x00007ff67324b2a3 (Unity) DebugStringToFile
0x00007ff6719b1e95 (Unity) MonoManager::SetupLoadedEditorAssemblies
0x00007ff6719a8f71 (Unity) MonoManager::EndReloadAssembly
0x00007ff6719b0057 (Unity) MonoManager::ReloadAssembly
0x00007ff6726b0e41 (Unity) LoadDomainAndUserAssemblies
0x00007ff6726b14a9 (Unity) LoadUserAssemblies
0x00007ff6728e7118 (Unity) <lambda_b7fd2194c9d98d5c5f8d87939b09ad6c>::operator()
0x00007ff67296e2f2 (Unity) asio::detail::completion_handler<core::mutable_function<void __cdecl(void)> >::do_complete
0x00007ff672970450 (Unity) asio::detail::win_iocp_io_service::do_one
0x00007ff672973bce (Unity) asio::io_service::run
0x00007ff67290f8db (Unity) RunAssetImportWorkerClientV2
0x00007ff67290f930 (Unity) RunAssetImporterV2
0x00007ff6723b5b49 (Unity) Application::InitializeProject
0x00007ff67280b4f2 (Unity) WinMain
0x00007ff673e9bd4e (Unity) __scrt_common_main_seh
0x00007ffa91c27034 (KERNEL32) BaseThreadInitThunk
0x00007ffa93a22651 (ntdll) RtlUserThreadStart

Native extension for WindowsStandalone target not found
Native extension for WebGL target not found
Refreshing native plugins compatible for Editor in 0.79 ms, found 3 plugins.
Preloading 0 native plugins for Editor in 0.00 ms.
Mono: successfully reloaded assembly
- Completed reload, in  1.038 seconds
Domain Reload Profiling:
	ReloadAssembly (1039ms)
		BeginReloadAssembly (110ms)
			ExecutionOrderSort (0ms)
			DisableScriptedObjects (6ms)
			BackupInstance (0ms)
			ReleaseScriptingObjects (0ms)
			CreateAndSetChildDomain (33ms)
		EndReloadAssembly (873ms)
			LoadAssemblies (93ms)
			RebuildTransferFunctionScriptingTraits (0ms)
			SetupTypeCache (243ms)
			ReleaseScriptCaches (1ms)
			RebuildScriptCaches (36ms)
			SetupLoadedEditorAssemblies (344ms)
				LogAssemblyErrors (1ms)
				InitializePlatformSupportModulesInManaged (5ms)
				SetLoadedEditorAssemblies (0ms)
				RefreshPlugins (1ms)
				BeforeProcessingInitializeOnLoad (88ms)
				ProcessInitializeOnLoadAttributes (227ms)
				ProcessInitializeOnLoadMethodAttributes (12ms)
				AfterProcessingInitializeOnLoad (10ms)
				EditorAssembliesLoaded (0ms)
			ExecutionOrderSort2 (0ms)
			AwakeInstancesAfterBackupRestoration (10ms)
Platform modules already initialized, skipping
Switching build target platform(19) subTarget(0) extendedPlatform(0) -> platform(9) subTarget(16777218) extendedPlatform(0)
Refreshing native plugins compatible for Editor in 0.75 ms, found 3 plugins.
Preloading 0 native plugins for Editor in 0.00 ms.
Unloading 2631 Unused Serialized files (Serialized files now loaded: 0)
System memory in use before: 112.5 MB.
System memory in use after: 112.7 MB.

Unloading 31 unused Assets to reduce memory usage. Loaded Objects now: 3087.
Total: 3.873600 ms (FindLiveObjects: 0.230000 ms CreateObjectMapping: 0.125900 ms MarkObjects: 3.465300 ms  DeleteObjects: 0.051200 ms)

AssetImportParameters requested are different than current active one (requested -> active):
  custom:framework-win-MediaFoundation: 216162199b28c13a410421893ffa2e32 -> 
  custom:video-decoder-ogg-theora: a1e56fd34408186e4bbccfd4996cb3dc -> 
  custom:container-muxer-webm: aa71ff27fc2769a1b78a27578f13a17b -> 
  custom:container-demuxer-webm: 4f35f7cbe854078d1ac9338744f61a02 -> 
  custom:container-demuxer-ogg: 62fdf1f143b41e24485cea50d1cbac27 -> 
  custom:video-encoder-webm-vp8: eb34c28f22e8b96e1ab97ce403110664 -> 
  custom:video-codec-MediaFoundation-h265: 746d11721c4dcdbdad8f713fa42b33f4 -> 
  custom:video-decoder-webm-vp8: 9c59270c3fd7afecdb556c50c9e8de78 -> 
  custom:graphics/normal-map-encoding: 01000000000000000000000000000000 -> 02000000000000000000000000000000
  custom:audio-decoder-ogg-vorbis: bf7c407c2cedff20999df2af8eb42d56 -> 
  custom:audio-encoder-webm-vorbis: bf7c407c2cedff20999df2af8eb42d56 -> 
========================================================================
Received Prepare
Registering precompiled user dll's ...
Registered in 0.004817 seconds.
Begin MonoManager ReloadAssembly
Error: Could not load signature of iOSNotificationPostProcessor:ShouldAddSettingToPlist due to: Could not load file or assembly 'UnityEditor.iOS.Extensions.Xcode, Version=1.0.0.0, Culture=neutral, PublicKeyToken=null' or one of its dependencies. assembly:UnityEditor.iOS.Extensions.Xcode, Version=1.0.0.0, Culture=neutral, PublicKeyToken=null type:<unknown type> member:(null) signature:<none>
0x00007ff671a9ab2c (Unity) StackWalker::GetCurrentCallstack
0x00007ff671aa1f29 (Unity) StackWalker::ShowCallstack
0x00007ff67280103c (Unity) GetStacktrace
0x00007ff67324b2a3 (Unity) DebugStringToFile
0x00007ff67198c5db (Unity) ScanForAttributesAndInterfaceImplementations
0x00007ff6719b26b3 (Unity) MonoManager::SetupTypeCache
0x00007ff6719a8be3 (Unity) MonoManager::EndReloadAssembly
0x00007ff6719b0057 (Unity) MonoManager::ReloadAssembly
0x00007ff6726b0e41 (Unity) LoadDomainAndUserAssemblies
0x00007ff6726b14a9 (Unity) LoadUserAssemblies
0x00007ff6728e7118 (Unity) <lambda_b7fd2194c9d98d5c5f8d87939b09ad6c>::operator()
0x00007ff67296e2f2 (Unity) asio::detail::completion_handler<core::mutable_function<void __cdecl(void)> >::do_complete
0x00007ff672970450 (Unity) asio::detail::win_iocp_io_service::do_one
0x00007ff672973bce (Unity) asio::io_service::run
0x00007ff67290f8db (Unity) RunAssetImportWorkerClientV2
0x00007ff67290f930 (Unity) RunAssetImporterV2
0x00007ff6723b5b49 (Unity) Application::InitializeProject
0x00007ff67280b4f2 (Unity) WinMain
0x00007ff673e9bd4e (Unity) __scrt_common_main_seh
0x00007ffa91c27034 (KERNEL32) BaseThreadInitThunk
0x00007ffa93a22651 (ntdll) RtlUserThreadStart

Unloading broken assembly Library/ScriptAssemblies/Unity.Notifications.dll, this assembly can cause crashes in the runtime
0x00007ff671a9ab2c (Unity) StackWalker::GetCurrentCallstack
0x00007ff671aa1f29 (Unity) StackWalker::ShowCallstack
0x00007ff67280103c (Unity) GetStacktrace
0x00007ff67324b2a3 (Unity) DebugStringToFile
0x00007ff6719b1e95 (Unity) MonoManager::SetupLoadedEditorAssemblies
0x00007ff6719a8f71 (Unity) MonoManager::EndReloadAssembly
0x00007ff6719b0057 (Unity) MonoManager::ReloadAssembly
0x00007ff6726b0e41 (Unity) LoadDomainAndUserAssemblies
0x00007ff6726b14a9 (Unity) LoadUserAssemblies
0x00007ff6728e7118 (Unity) <lambda_b7fd2194c9d98d5c5f8d87939b09ad6c>::operator()
0x00007ff67296e2f2 (Unity) asio::detail::completion_handler<core::mutable_function<void __cdecl(void)> >::do_complete
0x00007ff672970450 (Unity) asio::detail::win_iocp_io_service::do_one
0x00007ff672973bce (Unity) asio::io_service::run
0x00007ff67290f8db (Unity) RunAssetImportWorkerClientV2
0x00007ff67290f930 (Unity) RunAssetImporterV2
0x00007ff6723b5b49 (Unity) Application::InitializeProject
0x00007ff67280b4f2 (Unity) WinMain
0x00007ff673e9bd4e (Unity) __scrt_common_main_seh
0x00007ffa91c27034 (KERNEL32) BaseThreadInitThunk
0x00007ffa93a22651 (ntdll) RtlUserThreadStart

Native extension for WindowsStandalone target not found
Native extension for WebGL target not found
Refreshing native plugins compatible for Editor in 0.67 ms, found 3 plugins.
Preloading 0 native plugins for Editor in 0.00 ms.
Mono: successfully reloaded assembly
- Completed reload, in  0.944 seconds
Domain Reload Profiling:
	ReloadAssembly (945ms)
		BeginReloadAssembly (115ms)
			ExecutionOrderSort (0ms)
			DisableScriptedObjects (5ms)
			BackupInstance (0ms)
			ReleaseScriptingObjects (0ms)
			CreateAndSetChildDomain (33ms)
		EndReloadAssembly (775ms)
			LoadAssemblies (100ms)
			RebuildTransferFunctionScriptingTraits (0ms)
			SetupTypeCache (236ms)
			ReleaseScriptCaches (1ms)
			RebuildScriptCaches (32ms)
			SetupLoadedEditorAssemblies (287ms)
				LogAssemblyErrors (1ms)
				InitializePlatformSupportModulesInManaged (4ms)
				SetLoadedEditorAssemblies (0ms)
				RefreshPlugins (1ms)
				BeforeProcessingInitializeOnLoad (75ms)
				ProcessInitializeOnLoadAttributes (190ms)
				ProcessInitializeOnLoadMethodAttributes (8ms)
				AfterProcessingInitializeOnLoad (7ms)
				EditorAssembliesLoaded (0ms)
			ExecutionOrderSort2 (0ms)
			AwakeInstancesAfterBackupRestoration (7ms)
Platform modules already initialized, skipping
Switching build target platform(19) subTarget(0) extendedPlatform(0) -> platform(9) subTarget(16777218) extendedPlatform(0)
Refreshing native plugins compatible for Editor in 0.65 ms, found 3 plugins.
Preloading 0 native plugins for Editor in 0.00 ms.
Unloading 2631 Unused Serialized files (Serialized files now loaded: 0)
System memory in use before: 112.5 MB.
System memory in use after: 112.7 MB.

Unloading 31 unused Assets to reduce memory usage. Loaded Objects now: 3089.
Total: 2.889700 ms (FindLiveObjects: 0.221200 ms CreateObjectMapping: 0.071800 ms MarkObjects: 2.569700 ms  DeleteObjects: 0.026200 ms)

AssetImportParameters requested are different than current active one (requested -> active):
  custom:framework-win-MediaFoundation: 216162199b28c13a410421893ffa2e32 -> 
  custom:video-decoder-ogg-theora: a1e56fd34408186e4bbccfd4996cb3dc -> 
  custom:container-muxer-webm: aa71ff27fc2769a1b78a27578f13a17b -> 
  custom:container-demuxer-webm: 4f35f7cbe854078d1ac9338744f61a02 -> 
  custom:container-demuxer-ogg: 62fdf1f143b41e24485cea50d1cbac27 -> 
  custom:video-encoder-webm-vp8: eb34c28f22e8b96e1ab97ce403110664 -> 
  custom:video-codec-MediaFoundation-h265: 746d11721c4dcdbdad8f713fa42b33f4 -> 
  custom:video-decoder-webm-vp8: 9c59270c3fd7afecdb556c50c9e8de78 -> 
  custom:graphics/normal-map-encoding: 01000000000000000000000000000000 -> 02000000000000000000000000000000
  custom:audio-decoder-ogg-vorbis: bf7c407c2cedff20999df2af8eb42d56 -> 
  custom:audio-encoder-webm-vorbis: bf7c407c2cedff20999df2af8eb42d56 -> 
========================================================================
Received Prepare
Registering precompiled user dll's ...
Registered in 0.004892 seconds.
Begin MonoManager ReloadAssembly
Error: Could not load signature of iOSNotificationPostProcessor:ShouldAddSettingToPlist due to: Could not load file or assembly 'UnityEditor.iOS.Extensions.Xcode, Version=1.0.0.0, Culture=neutral, PublicKeyToken=null' or one of its dependencies. assembly:UnityEditor.iOS.Extensions.Xcode, Version=1.0.0.0, Culture=neutral, PublicKeyToken=null type:<unknown type> member:(null) signature:<none>
0x00007ff671a9ab2c (Unity) StackWalker::GetCurrentCallstack
0x00007ff671aa1f29 (Unity) StackWalker::ShowCallstack
0x00007ff67280103c (Unity) GetStacktrace
0x00007ff67324b2a3 (Unity) DebugStringToFile
0x00007ff67198c5db (Unity) ScanForAttributesAndInterfaceImplementations
0x00007ff6719b26b3 (Unity) MonoManager::SetupTypeCache
0x00007ff6719a8be3 (Unity) MonoManager::EndReloadAssembly
0x00007ff6719b0057 (Unity) MonoManager::ReloadAssembly
0x00007ff6726b0e41 (Unity) LoadDomainAndUserAssemblies
0x00007ff6726b14a9 (Unity) LoadUserAssemblies
0x00007ff6728e7118 (Unity) <lambda_b7fd2194c9d98d5c5f8d87939b09ad6c>::operator()
0x00007ff67296e2f2 (Unity) asio::detail::completion_handler<core::mutable_function<void __cdecl(void)> >::do_complete
0x00007ff672970450 (Unity) asio::detail::win_iocp_io_service::do_one
0x00007ff672973bce (Unity) asio::io_service::run
0x00007ff67290f8db (Unity) RunAssetImportWorkerClientV2
0x00007ff67290f930 (Unity) RunAssetImporterV2
0x00007ff6723b5b49 (Unity) Application::InitializeProject
0x00007ff67280b4f2 (Unity) WinMain
0x00007ff673e9bd4e (Unity) __scrt_common_main_seh
0x00007ffa91c27034 (KERNEL32) BaseThreadInitThunk
0x00007ffa93a22651 (ntdll) RtlUserThreadStart

Unloading broken assembly Library/ScriptAssemblies/Unity.Notifications.dll, this assembly can cause crashes in the runtime
0x00007ff671a9ab2c (Unity) StackWalker::GetCurrentCallstack
0x00007ff671aa1f29 (Unity) StackWalker::ShowCallstack
0x00007ff67280103c (Unity) GetStacktrace
0x00007ff67324b2a3 (Unity) DebugStringToFile
0x00007ff6719b1e95 (Unity) MonoManager::SetupLoadedEditorAssemblies
0x00007ff6719a8f71 (Unity) MonoManager::EndReloadAssembly
0x00007ff6719b0057 (Unity) MonoManager::ReloadAssembly
0x00007ff6726b0e41 (Unity) LoadDomainAndUserAssemblies
0x00007ff6726b14a9 (Unity) LoadUserAssemblies
0x00007ff6728e7118 (Unity) <lambda_b7fd2194c9d98d5c5f8d87939b09ad6c>::operator()
0x00007ff67296e2f2 (Unity) asio::detail::completion_handler<core::mutable_function<void __cdecl(void)> >::do_complete
0x00007ff672970450 (Unity) asio::detail::win_iocp_io_service::do_one
0x00007ff672973bce (Unity) asio::io_service::run
0x00007ff67290f8db (Unity) RunAssetImportWorkerClientV2
0x00007ff67290f930 (Unity) RunAssetImporterV2
0x00007ff6723b5b49 (Unity) Application::InitializeProject
0x00007ff67280b4f2 (Unity) WinMain
0x00007ff673e9bd4e (Unity) __scrt_common_main_seh
0x00007ffa91c27034 (KERNEL32) BaseThreadInitThunk
0x00007ffa93a22651 (ntdll) RtlUserThreadStart

Native extension for WindowsStandalone target not found
Native extension for WebGL target not found
Refreshing native plugins compatible for Editor in 0.97 ms, found 3 plugins.
Preloading 0 native plugins for Editor in 0.00 ms.
Mono: successfully reloaded assembly
- Completed reload, in  0.948 seconds
Domain Reload Profiling:
	ReloadAssembly (948ms)
		BeginReloadAssembly (115ms)
			ExecutionOrderSort (0ms)
			DisableScriptedObjects (5ms)
			BackupInstance (0ms)
			ReleaseScriptingObjects (0ms)
			CreateAndSetChildDomain (38ms)
		EndReloadAssembly (782ms)
			LoadAssemblies (93ms)
			RebuildTransferFunctionScriptingTraits (0ms)
			SetupTypeCache (222ms)
			ReleaseScriptCaches (1ms)
			RebuildScriptCaches (30ms)
			SetupLoadedEditorAssemblies (299ms)
				LogAssemblyErrors (1ms)
				InitializePlatformSupportModulesInManaged (4ms)
				SetLoadedEditorAssemblies (0ms)
				RefreshPlugins (1ms)
				BeforeProcessingInitializeOnLoad (78ms)
				ProcessInitializeOnLoadAttributes (195ms)
				ProcessInitializeOnLoadMethodAttributes (9ms)
				AfterProcessingInitializeOnLoad (10ms)
				EditorAssembliesLoaded (0ms)
			ExecutionOrderSort2 (0ms)
			AwakeInstancesAfterBackupRestoration (7ms)
Platform modules already initialized, skipping
Switching build target platform(19) subTarget(0) extendedPlatform(0) -> platform(9) subTarget(16777218) extendedPlatform(0)
Refreshing native plugins compatible for Editor in 0.64 ms, found 3 plugins.
Preloading 0 native plugins for Editor in 0.00 ms.
Unloading 2631 Unused Serialized files (Serialized files now loaded: 0)
System memory in use before: 112.5 MB.
System memory in use after: 112.7 MB.

Unloading 31 unused Assets to reduce memory usage. Loaded Objects now: 3091.
Total: 3.184100 ms (FindLiveObjects: 0.201200 ms CreateObjectMapping: 0.102900 ms MarkObjects: 2.857600 ms  DeleteObjects: 0.021700 ms)

AssetImportParameters requested are different than current active one (requested -> active):
  custom:framework-win-MediaFoundation: 216162199b28c13a410421893ffa2e32 -> 
  custom:video-decoder-ogg-theora: a1e56fd34408186e4bbccfd4996cb3dc -> 
  custom:container-muxer-webm: aa71ff27fc2769a1b78a27578f13a17b -> 
  custom:container-demuxer-webm: 4f35f7cbe854078d1ac9338744f61a02 -> 
  custom:container-demuxer-ogg: 62fdf1f143b41e24485cea50d1cbac27 -> 
  custom:video-encoder-webm-vp8: eb34c28f22e8b96e1ab97ce403110664 -> 
  custom:video-codec-MediaFoundation-h265: 746d11721c4dcdbdad8f713fa42b33f4 -> 
  custom:video-decoder-webm-vp8: 9c59270c3fd7afecdb556c50c9e8de78 -> 
  custom:graphics/normal-map-encoding: 01000000000000000000000000000000 -> 02000000000000000000000000000000
  custom:audio-decoder-ogg-vorbis: bf7c407c2cedff20999df2af8eb42d56 -> 
  custom:audio-encoder-webm-vorbis: bf7c407c2cedff20999df2af8eb42d56 -> 
========================================================================
Received Prepare
Registering precompiled user dll's ...
Registered in 0.004746 seconds.
Begin MonoManager ReloadAssembly
Error: Could not load signature of iOSNotificationPostProcessor:ShouldAddSettingToPlist due to: Could not load file or assembly 'UnityEditor.iOS.Extensions.Xcode, Version=1.0.0.0, Culture=neutral, PublicKeyToken=null' or one of its dependencies. assembly:UnityEditor.iOS.Extensions.Xcode, Version=1.0.0.0, Culture=neutral, PublicKeyToken=null type:<unknown type> member:(null) signature:<none>
0x00007ff671a9ab2c (Unity) StackWalker::GetCurrentCallstack
0x00007ff671aa1f29 (Unity) StackWalker::ShowCallstack
0x00007ff67280103c (Unity) GetStacktrace
0x00007ff67324b2a3 (Unity) DebugStringToFile
0x00007ff67198c5db (Unity) ScanForAttributesAndInterfaceImplementations
0x00007ff6719b26b3 (Unity) MonoManager::SetupTypeCache
0x00007ff6719a8be3 (Unity) MonoManager::EndReloadAssembly
0x00007ff6719b0057 (Unity) MonoManager::ReloadAssembly
0x00007ff6726b0e41 (Unity) LoadDomainAndUserAssemblies
0x00007ff6726b14a9 (Unity) LoadUserAssemblies
0x00007ff6728e7118 (Unity) <lambda_b7fd2194c9d98d5c5f8d87939b09ad6c>::operator()
0x00007ff67296e2f2 (Unity) asio::detail::completion_handler<core::mutable_function<void __cdecl(void)> >::do_complete
0x00007ff672970450 (Unity) asio::detail::win_iocp_io_service::do_one
0x00007ff672973bce (Unity) asio::io_service::run
0x00007ff67290f8db (Unity) RunAssetImportWorkerClientV2
0x00007ff67290f930 (Unity) RunAssetImporterV2
0x00007ff6723b5b49 (Unity) Application::InitializeProject
0x00007ff67280b4f2 (Unity) WinMain
0x00007ff673e9bd4e (Unity) __scrt_common_main_seh
0x00007ffa91c27034 (KERNEL32) BaseThreadInitThunk
0x00007ffa93a22651 (ntdll) RtlUserThreadStart

Unloading broken assembly Library/ScriptAssemblies/Unity.Notifications.dll, this assembly can cause crashes in the runtime
0x00007ff671a9ab2c (Unity) StackWalker::GetCurrentCallstack
0x00007ff671aa1f29 (Unity) StackWalker::ShowCallstack
0x00007ff67280103c (Unity) GetStacktrace
0x00007ff67324b2a3 (Unity) DebugStringToFile
0x00007ff6719b1e95 (Unity) MonoManager::SetupLoadedEditorAssemblies
0x00007ff6719a8f71 (Unity) MonoManager::EndReloadAssembly
0x00007ff6719b0057 (Unity) MonoManager::ReloadAssembly
0x00007ff6726b0e41 (Unity) LoadDomainAndUserAssemblies
0x00007ff6726b14a9 (Unity) LoadUserAssemblies
0x00007ff6728e7118 (Unity) <lambda_b7fd2194c9d98d5c5f8d87939b09ad6c>::operator()
0x00007ff67296e2f2 (Unity) asio::detail::completion_handler<core::mutable_function<void __cdecl(void)> >::do_complete
0x00007ff672970450 (Unity) asio::detail::win_iocp_io_service::do_one
0x00007ff672973bce (Unity) asio::io_service::run
0x00007ff67290f8db (Unity) RunAssetImportWorkerClientV2
0x00007ff67290f930 (Unity) RunAssetImporterV2
0x00007ff6723b5b49 (Unity) Application::InitializeProject
0x00007ff67280b4f2 (Unity) WinMain
0x00007ff673e9bd4e (Unity) __scrt_common_main_seh
0x00007ffa91c27034 (KERNEL32) BaseThreadInitThunk
0x00007ffa93a22651 (ntdll) RtlUserThreadStart

Native extension for WindowsStandalone target not found
Native extension for WebGL target not found
Refreshing native plugins compatible for Editor in 0.79 ms, found 3 plugins.
Preloading 0 native plugins for Editor in 0.00 ms.
Mono: successfully reloaded assembly
- Completed reload, in  0.975 seconds
Domain Reload Profiling:
	ReloadAssembly (975ms)
		BeginReloadAssembly (113ms)
			ExecutionOrderSort (0ms)
			DisableScriptedObjects (5ms)
			BackupInstance (0ms)
			ReleaseScriptingObjects (0ms)
			CreateAndSetChildDomain (33ms)
		EndReloadAssembly (807ms)
			LoadAssemblies (98ms)
			RebuildTransferFunctionScriptingTraits (0ms)
			SetupTypeCache (239ms)
			ReleaseScriptCaches (1ms)
			RebuildScriptCaches (32ms)
			SetupLoadedEditorAssemblies (295ms)
				LogAssemblyErrors (1ms)
				InitializePlatformSupportModulesInManaged (4ms)
				SetLoadedEditorAssemblies (0ms)
				RefreshPlugins (1ms)
				BeforeProcessingInitializeOnLoad (77ms)
				ProcessInitializeOnLoadAttributes (195ms)
				ProcessInitializeOnLoadMethodAttributes (9ms)
				AfterProcessingInitializeOnLoad (8ms)
				EditorAssembliesLoaded (0ms)
			ExecutionOrderSort2 (0ms)
			AwakeInstancesAfterBackupRestoration (8ms)
Platform modules already initialized, skipping
Switching build target platform(19) subTarget(0) extendedPlatform(0) -> platform(9) subTarget(16777218) extendedPlatform(0)
Refreshing native plugins compatible for Editor in 0.71 ms, found 3 plugins.
Preloading 0 native plugins for Editor in 0.00 ms.
Unloading 2631 Unused Serialized files (Serialized files now loaded: 0)
System memory in use before: 112.4 MB.
System memory in use after: 112.7 MB.

Unloading 31 unused Assets to reduce memory usage. Loaded Objects now: 3093.
Total: 3.574500 ms (FindLiveObjects: 0.228000 ms CreateObjectMapping: 0.143100 ms MarkObjects: 3.166500 ms  DeleteObjects: 0.036200 ms)

AssetImportParameters requested are different than current active one (requested -> active):
  custom:framework-win-MediaFoundation: 216162199b28c13a410421893ffa2e32 -> 
  custom:video-decoder-ogg-theora: a1e56fd34408186e4bbccfd4996cb3dc -> 
  custom:container-muxer-webm: aa71ff27fc2769a1b78a27578f13a17b -> 
  custom:container-demuxer-webm: 4f35f7cbe854078d1ac9338744f61a02 -> 
  custom:container-demuxer-ogg: 62fdf1f143b41e24485cea50d1cbac27 -> 
  custom:video-encoder-webm-vp8: eb34c28f22e8b96e1ab97ce403110664 -> 
  custom:video-codec-MediaFoundation-h265: 746d11721c4dcdbdad8f713fa42b33f4 -> 
  custom:video-decoder-webm-vp8: 9c59270c3fd7afecdb556c50c9e8de78 -> 
  custom:graphics/normal-map-encoding: 01000000000000000000000000000000 -> 02000000000000000000000000000000
  custom:audio-decoder-ogg-vorbis: bf7c407c2cedff20999df2af8eb42d56 -> 
  custom:audio-encoder-webm-vorbis: bf7c407c2cedff20999df2af8eb42d56 -> 
========================================================================
Received Prepare
Registering precompiled user dll's ...
Registered in 0.006479 seconds.
Begin MonoManager ReloadAssembly
Error: Could not load signature of iOSNotificationPostProcessor:ShouldAddSettingToPlist due to: Could not load file or assembly 'UnityEditor.iOS.Extensions.Xcode, Version=1.0.0.0, Culture=neutral, PublicKeyToken=null' or one of its dependencies. assembly:UnityEditor.iOS.Extensions.Xcode, Version=1.0.0.0, Culture=neutral, PublicKeyToken=null type:<unknown type> member:(null) signature:<none>
0x00007ff671a9ab2c (Unity) StackWalker::GetCurrentCallstack
0x00007ff671aa1f29 (Unity) StackWalker::ShowCallstack
0x00007ff67280103c (Unity) GetStacktrace
0x00007ff67324b2a3 (Unity) DebugStringToFile
0x00007ff67198c5db (Unity) ScanForAttributesAndInterfaceImplementations
0x00007ff6719b26b3 (Unity) MonoManager::SetupTypeCache
0x00007ff6719a8be3 (Unity) MonoManager::EndReloadAssembly
0x00007ff6719b0057 (Unity) MonoManager::ReloadAssembly
0x00007ff6726b0e41 (Unity) LoadDomainAndUserAssemblies
0x00007ff6726b14a9 (Unity) LoadUserAssemblies
0x00007ff6728e7118 (Unity) <lambda_b7fd2194c9d98d5c5f8d87939b09ad6c>::operator()
0x00007ff67296e2f2 (Unity) asio::detail::completion_handler<core::mutable_function<void __cdecl(void)> >::do_complete
0x00007ff672970450 (Unity) asio::detail::win_iocp_io_service::do_one
0x00007ff672973bce (Unity) asio::io_service::run
0x00007ff67290f8db (Unity) RunAssetImportWorkerClientV2
0x00007ff67290f930 (Unity) RunAssetImporterV2
0x00007ff6723b5b49 (Unity) Application::InitializeProject
0x00007ff67280b4f2 (Unity) WinMain
0x00007ff673e9bd4e (Unity) __scrt_common_main_seh
0x00007ffa91c27034 (KERNEL32) BaseThreadInitThunk
0x00007ffa93a22651 (ntdll) RtlUserThreadStart

Unloading broken assembly Library/ScriptAssemblies/Unity.Notifications.dll, this assembly can cause crashes in the runtime
0x00007ff671a9ab2c (Unity) StackWalker::GetCurrentCallstack
0x00007ff671aa1f29 (Unity) StackWalker::ShowCallstack
0x00007ff67280103c (Unity) GetStacktrace
0x00007ff67324b2a3 (Unity) DebugStringToFile
0x00007ff6719b1e95 (Unity) MonoManager::SetupLoadedEditorAssemblies
0x00007ff6719a8f71 (Unity) MonoManager::EndReloadAssembly
0x00007ff6719b0057 (Unity) MonoManager::ReloadAssembly
0x00007ff6726b0e41 (Unity) LoadDomainAndUserAssemblies
0x00007ff6726b14a9 (Unity) LoadUserAssemblies
0x00007ff6728e7118 (Unity) <lambda_b7fd2194c9d98d5c5f8d87939b09ad6c>::operator()
0x00007ff67296e2f2 (Unity) asio::detail::completion_handler<core::mutable_function<void __cdecl(void)> >::do_complete
0x00007ff672970450 (Unity) asio::detail::win_iocp_io_service::do_one
0x00007ff672973bce (Unity) asio::io_service::run
0x00007ff67290f8db (Unity) RunAssetImportWorkerClientV2
0x00007ff67290f930 (Unity) RunAssetImporterV2
0x00007ff6723b5b49 (Unity) Application::InitializeProject
0x00007ff67280b4f2 (Unity) WinMain
0x00007ff673e9bd4e (Unity) __scrt_common_main_seh
0x00007ffa91c27034 (KERNEL32) BaseThreadInitThunk
0x00007ffa93a22651 (ntdll) RtlUserThreadStart

Native extension for WindowsStandalone target not found
Native extension for WebGL target not found
Refreshing native plugins compatible for Editor in 0.66 ms, found 3 plugins.
Preloading 0 native plugins for Editor in 0.00 ms.
Mono: successfully reloaded assembly
- Completed reload, in  0.985 seconds
Domain Reload Profiling:
	ReloadAssembly (986ms)
		BeginReloadAssembly (117ms)
			ExecutionOrderSort (0ms)
			DisableScriptedObjects (5ms)
			BackupInstance (0ms)
			ReleaseScriptingObjects (0ms)
			CreateAndSetChildDomain (33ms)
		EndReloadAssembly (816ms)
			LoadAssemblies (99ms)
			RebuildTransferFunctionScriptingTraits (0ms)
			SetupTypeCache (237ms)
			ReleaseScriptCaches (1ms)
			RebuildScriptCaches (33ms)
			SetupLoadedEditorAssemblies (291ms)
				LogAssemblyErrors (1ms)
				InitializePlatformSupportModulesInManaged (4ms)
				SetLoadedEditorAssemblies (0ms)
				RefreshPlugins (1ms)
				BeforeProcessingInitializeOnLoad (76ms)
				ProcessInitializeOnLoadAttributes (191ms)
				ProcessInitializeOnLoadMethodAttributes (9ms)
				AfterProcessingInitializeOnLoad (8ms)
				EditorAssembliesLoaded (0ms)
			ExecutionOrderSort2 (0ms)
			AwakeInstancesAfterBackupRestoration (8ms)
Platform modules already initialized, skipping
Switching build target platform(19) subTarget(0) extendedPlatform(0) -> platform(9) subTarget(16777218) extendedPlatform(0)
Refreshing native plugins compatible for Editor in 0.64 ms, found 3 plugins.
Preloading 0 native plugins for Editor in 0.00 ms.
Unloading 2631 Unused Serialized files (Serialized files now loaded: 0)
System memory in use before: 112.5 MB.
System memory in use after: 112.8 MB.

Unloading 31 unused Assets to reduce memory usage. Loaded Objects now: 3095.
Total: 3.259400 ms (FindLiveObjects: 0.230500 ms CreateObjectMapping: 0.118100 ms MarkObjects: 2.887000 ms  DeleteObjects: 0.023100 ms)

AssetImportParameters requested are different than current active one (requested -> active):
  custom:framework-win-MediaFoundation: 216162199b28c13a410421893ffa2e32 -> 
  custom:video-decoder-ogg-theora: a1e56fd34408186e4bbccfd4996cb3dc -> 
  custom:container-muxer-webm: aa71ff27fc2769a1b78a27578f13a17b -> 
  custom:container-demuxer-webm: 4f35f7cbe854078d1ac9338744f61a02 -> 
  custom:container-demuxer-ogg: 62fdf1f143b41e24485cea50d1cbac27 -> 
  custom:video-encoder-webm-vp8: eb34c28f22e8b96e1ab97ce403110664 -> 
  custom:video-codec-MediaFoundation-h265: 746d11721c4dcdbdad8f713fa42b33f4 -> 
  custom:video-decoder-webm-vp8: 9c59270c3fd7afecdb556c50c9e8de78 -> 
  custom:graphics/normal-map-encoding: 01000000000000000000000000000000 -> 02000000000000000000000000000000
  custom:audio-decoder-ogg-vorbis: bf7c407c2cedff20999df2af8eb42d56 -> 
  custom:audio-encoder-webm-vorbis: bf7c407c2cedff20999df2af8eb42d56 -> 
========================================================================
Received Prepare
Registering precompiled user dll's ...
Registered in 0.004883 seconds.
Begin MonoManager ReloadAssembly
Error: Could not load signature of iOSNotificationPostProcessor:ShouldAddSettingToPlist due to: Could not load file or assembly 'UnityEditor.iOS.Extensions.Xcode, Version=1.0.0.0, Culture=neutral, PublicKeyToken=null' or one of its dependencies. assembly:UnityEditor.iOS.Extensions.Xcode, Version=1.0.0.0, Culture=neutral, PublicKeyToken=null type:<unknown type> member:(null) signature:<none>
0x00007ff671a9ab2c (Unity) StackWalker::GetCurrentCallstack
0x00007ff671aa1f29 (Unity) StackWalker::ShowCallstack
0x00007ff67280103c (Unity) GetStacktrace
0x00007ff67324b2a3 (Unity) DebugStringToFile
0x00007ff67198c5db (Unity) ScanForAttributesAndInterfaceImplementations
0x00007ff6719b26b3 (Unity) MonoManager::SetupTypeCache
0x00007ff6719a8be3 (Unity) MonoManager::EndReloadAssembly
0x00007ff6719b0057 (Unity) MonoManager::ReloadAssembly
0x00007ff6726b0e41 (Unity) LoadDomainAndUserAssemblies
0x00007ff6726b14a9 (Unity) LoadUserAssemblies
0x00007ff6728e7118 (Unity) <lambda_b7fd2194c9d98d5c5f8d87939b09ad6c>::operator()
0x00007ff67296e2f2 (Unity) asio::detail::completion_handler<core::mutable_function<void __cdecl(void)> >::do_complete
0x00007ff672970450 (Unity) asio::detail::win_iocp_io_service::do_one
0x00007ff672973bce (Unity) asio::io_service::run
0x00007ff67290f8db (Unity) RunAssetImportWorkerClientV2
0x00007ff67290f930 (Unity) RunAssetImporterV2
0x00007ff6723b5b49 (Unity) Application::InitializeProject
0x00007ff67280b4f2 (Unity) WinMain
0x00007ff673e9bd4e (Unity) __scrt_common_main_seh
0x00007ffa91c27034 (KERNEL32) BaseThreadInitThunk
0x00007ffa93a22651 (ntdll) RtlUserThreadStart

Unloading broken assembly Library/ScriptAssemblies/Unity.Notifications.dll, this assembly can cause crashes in the runtime
0x00007ff671a9ab2c (Unity) StackWalker::GetCurrentCallstack
0x00007ff671aa1f29 (Unity) StackWalker::ShowCallstack
0x00007ff67280103c (Unity) GetStacktrace
0x00007ff67324b2a3 (Unity) DebugStringToFile
0x00007ff6719b1e95 (Unity) MonoManager::SetupLoadedEditorAssemblies
0x00007ff6719a8f71 (Unity) MonoManager::EndReloadAssembly
0x00007ff6719b0057 (Unity) MonoManager::ReloadAssembly
0x00007ff6726b0e41 (Unity) LoadDomainAndUserAssemblies
0x00007ff6726b14a9 (Unity) LoadUserAssemblies
0x00007ff6728e7118 (Unity) <lambda_b7fd2194c9d98d5c5f8d87939b09ad6c>::operator()
0x00007ff67296e2f2 (Unity) asio::detail::completion_handler<core::mutable_function<void __cdecl(void)> >::do_complete
0x00007ff672970450 (Unity) asio::detail::win_iocp_io_service::do_one
0x00007ff672973bce (Unity) asio::io_service::run
0x00007ff67290f8db (Unity) RunAssetImportWorkerClientV2
0x00007ff67290f930 (Unity) RunAssetImporterV2
0x00007ff6723b5b49 (Unity) Application::InitializeProject
0x00007ff67280b4f2 (Unity) WinMain
0x00007ff673e9bd4e (Unity) __scrt_common_main_seh
0x00007ffa91c27034 (KERNEL32) BaseThreadInitThunk
0x00007ffa93a22651 (ntdll) RtlUserThreadStart

Native extension for WindowsStandalone target not found
Native extension for WebGL target not found
Refreshing native plugins compatible for Editor in 0.67 ms, found 3 plugins.
Preloading 0 native plugins for Editor in 0.00 ms.
Mono: successfully reloaded assembly
- Completed reload, in  0.972 seconds
Domain Reload Profiling:
	ReloadAssembly (972ms)
		BeginReloadAssembly (113ms)
			ExecutionOrderSort (0ms)
			DisableScriptedObjects (5ms)
			BackupInstance (0ms)
			ReleaseScriptingObjects (0ms)
			CreateAndSetChildDomain (31ms)
		EndReloadAssembly (808ms)
			LoadAssemblies (98ms)
			RebuildTransferFunctionScriptingTraits (0ms)
			SetupTypeCache (227ms)
			ReleaseScriptCaches (1ms)
			RebuildScriptCaches (31ms)
			SetupLoadedEditorAssemblies (293ms)
				LogAssemblyErrors (1ms)
				InitializePlatformSupportModulesInManaged (5ms)
				SetLoadedEditorAssemblies (0ms)
				RefreshPlugins (1ms)
				BeforeProcessingInitializeOnLoad (79ms)
				ProcessInitializeOnLoadAttributes (191ms)
				ProcessInitializeOnLoadMethodAttributes (9ms)
				AfterProcessingInitializeOnLoad (8ms)
				EditorAssembliesLoaded (0ms)
			ExecutionOrderSort2 (0ms)
			AwakeInstancesAfterBackupRestoration (8ms)
Platform modules already initialized, skipping
Switching build target platform(19) subTarget(0) extendedPlatform(0) -> platform(9) subTarget(16777218) extendedPlatform(0)
Refreshing native plugins compatible for Editor in 0.65 ms, found 3 plugins.
Preloading 0 native plugins for Editor in 0.00 ms.
Unloading 2631 Unused Serialized files (Serialized files now loaded: 0)
System memory in use before: 112.5 MB.
System memory in use after: 112.8 MB.

Unloading 31 unused Assets to reduce memory usage. Loaded Objects now: 3097.
Total: 3.616100 ms (FindLiveObjects: 0.222200 ms CreateObjectMapping: 0.128000 ms MarkObjects: 3.236900 ms  DeleteObjects: 0.028100 ms)

AssetImportParameters requested are different than current active one (requested -> active):
  custom:framework-win-MediaFoundation: 216162199b28c13a410421893ffa2e32 -> 
  custom:video-decoder-ogg-theora: a1e56fd34408186e4bbccfd4996cb3dc -> 
  custom:container-muxer-webm: aa71ff27fc2769a1b78a27578f13a17b -> 
  custom:container-demuxer-webm: 4f35f7cbe854078d1ac9338744f61a02 -> 
  custom:container-demuxer-ogg: 62fdf1f143b41e24485cea50d1cbac27 -> 
  custom:video-encoder-webm-vp8: eb34c28f22e8b96e1ab97ce403110664 -> 
  custom:video-codec-MediaFoundation-h265: 746d11721c4dcdbdad8f713fa42b33f4 -> 
  custom:video-decoder-webm-vp8: 9c59270c3fd7afecdb556c50c9e8de78 -> 
  custom:graphics/normal-map-encoding: 01000000000000000000000000000000 -> 02000000000000000000000000000000
  custom:audio-decoder-ogg-vorbis: bf7c407c2cedff20999df2af8eb42d56 -> 
  custom:audio-encoder-webm-vorbis: bf7c407c2cedff20999df2af8eb42d56 -> 
========================================================================
Received Prepare
Registering precompiled user dll's ...
Registered in 0.004737 seconds.
Begin MonoManager ReloadAssembly
Error: Could not load signature of iOSNotificationPostProcessor:ShouldAddSettingToPlist due to: Could not load file or assembly 'UnityEditor.iOS.Extensions.Xcode, Version=1.0.0.0, Culture=neutral, PublicKeyToken=null' or one of its dependencies. assembly:UnityEditor.iOS.Extensions.Xcode, Version=1.0.0.0, Culture=neutral, PublicKeyToken=null type:<unknown type> member:(null) signature:<none>
0x00007ff671a9ab2c (Unity) StackWalker::GetCurrentCallstack
0x00007ff671aa1f29 (Unity) StackWalker::ShowCallstack
0x00007ff67280103c (Unity) GetStacktrace
0x00007ff67324b2a3 (Unity) DebugStringToFile
0x00007ff67198c5db (Unity) ScanForAttributesAndInterfaceImplementations
0x00007ff6719b26b3 (Unity) MonoManager::SetupTypeCache
0x00007ff6719a8be3 (Unity) MonoManager::EndReloadAssembly
0x00007ff6719b0057 (Unity) MonoManager::ReloadAssembly
0x00007ff6726b0e41 (Unity) LoadDomainAndUserAssemblies
0x00007ff6726b14a9 (Unity) LoadUserAssemblies
0x00007ff6728e7118 (Unity) <lambda_b7fd2194c9d98d5c5f8d87939b09ad6c>::operator()
0x00007ff67296e2f2 (Unity) asio::detail::completion_handler<core::mutable_function<void __cdecl(void)> >::do_complete
0x00007ff672970450 (Unity) asio::detail::win_iocp_io_service::do_one
0x00007ff672973bce (Unity) asio::io_service::run
0x00007ff67290f8db (Unity) RunAssetImportWorkerClientV2
0x00007ff67290f930 (Unity) RunAssetImporterV2
0x00007ff6723b5b49 (Unity) Application::InitializeProject
0x00007ff67280b4f2 (Unity) WinMain
0x00007ff673e9bd4e (Unity) __scrt_common_main_seh
0x00007ffa91c27034 (KERNEL32) BaseThreadInitThunk
0x00007ffa93a22651 (ntdll) RtlUserThreadStart

Unloading broken assembly Library/ScriptAssemblies/Unity.Notifications.dll, this assembly can cause crashes in the runtime
0x00007ff671a9ab2c (Unity) StackWalker::GetCurrentCallstack
0x00007ff671aa1f29 (Unity) StackWalker::ShowCallstack
0x00007ff67280103c (Unity) GetStacktrace
0x00007ff67324b2a3 (Unity) DebugStringToFile
0x00007ff6719b1e95 (Unity) MonoManager::SetupLoadedEditorAssemblies
0x00007ff6719a8f71 (Unity) MonoManager::EndReloadAssembly
0x00007ff6719b0057 (Unity) MonoManager::ReloadAssembly
0x00007ff6726b0e41 (Unity) LoadDomainAndUserAssemblies
0x00007ff6726b14a9 (Unity) LoadUserAssemblies
0x00007ff6728e7118 (Unity) <lambda_b7fd2194c9d98d5c5f8d87939b09ad6c>::operator()
0x00007ff67296e2f2 (Unity) asio::detail::completion_handler<core::mutable_function<void __cdecl(void)> >::do_complete
0x00007ff672970450 (Unity) asio::detail::win_iocp_io_service::do_one
0x00007ff672973bce (Unity) asio::io_service::run
0x00007ff67290f8db (Unity) RunAssetImportWorkerClientV2
0x00007ff67290f930 (Unity) RunAssetImporterV2
0x00007ff6723b5b49 (Unity) Application::InitializeProject
0x00007ff67280b4f2 (Unity) WinMain
0x00007ff673e9bd4e (Unity) __scrt_common_main_seh
0x00007ffa91c27034 (KERNEL32) BaseThreadInitThunk
0x00007ffa93a22651 (ntdll) RtlUserThreadStart

Native extension for WindowsStandalone target not found
Native extension for WebGL target not found
Refreshing native plugins compatible for Editor in 0.68 ms, found 3 plugins.
Preloading 0 native plugins for Editor in 0.00 ms.
Mono: successfully reloaded assembly
- Completed reload, in  1.019 seconds
Domain Reload Profiling:
	ReloadAssembly (1019ms)
		BeginReloadAssembly (114ms)
			ExecutionOrderSort (0ms)
			DisableScriptedObjects (6ms)
			BackupInstance (0ms)
			ReleaseScriptingObjects (0ms)
			CreateAndSetChildDomain (33ms)
		EndReloadAssembly (831ms)
			LoadAssemblies (113ms)
			RebuildTransferFunctionScriptingTraits (0ms)
			SetupTypeCache (245ms)
			ReleaseScriptCaches (1ms)
			RebuildScriptCaches (30ms)
			SetupLoadedEditorAssemblies (285ms)
				LogAssemblyErrors (1ms)
				InitializePlatformSupportModulesInManaged (4ms)
				SetLoadedEditorAssemblies (1ms)
				RefreshPlugins (1ms)
				BeforeProcessingInitializeOnLoad (76ms)
				ProcessInitializeOnLoadAttributes (187ms)
				ProcessInitializeOnLoadMethodAttributes (8ms)
				AfterProcessingInitializeOnLoad (8ms)
				EditorAssembliesLoaded (0ms)
			ExecutionOrderSort2 (0ms)
			AwakeInstancesAfterBackupRestoration (8ms)
Platform modules already initialized, skipping
Switching build target platform(19) subTarget(0) extendedPlatform(0) -> platform(9) subTarget(16777218) extendedPlatform(0)
Refreshing native plugins compatible for Editor in 0.66 ms, found 3 plugins.
Preloading 0 native plugins for Editor in 0.00 ms.
Unloading 2631 Unused Serialized files (Serialized files now loaded: 0)
System memory in use before: 112.6 MB.
System memory in use after: 112.8 MB.

Unloading 31 unused Assets to reduce memory usage. Loaded Objects now: 3099.
Total: 3.397800 ms (FindLiveObjects: 0.204500 ms CreateObjectMapping: 0.112400 ms MarkObjects: 3.052400 ms  DeleteObjects: 0.027800 ms)

AssetImportParameters requested are different than current active one (requested -> active):
  custom:framework-win-MediaFoundation: 216162199b28c13a410421893ffa2e32 -> 
  custom:video-decoder-ogg-theora: a1e56fd34408186e4bbccfd4996cb3dc -> 
  custom:container-muxer-webm: aa71ff27fc2769a1b78a27578f13a17b -> 
  custom:container-demuxer-webm: 4f35f7cbe854078d1ac9338744f61a02 -> 
  custom:container-demuxer-ogg: 62fdf1f143b41e24485cea50d1cbac27 -> 
  custom:video-encoder-webm-vp8: eb34c28f22e8b96e1ab97ce403110664 -> 
  custom:video-codec-MediaFoundation-h265: 746d11721c4dcdbdad8f713fa42b33f4 -> 
  custom:video-decoder-webm-vp8: 9c59270c3fd7afecdb556c50c9e8de78 -> 
  custom:graphics/normal-map-encoding: 01000000000000000000000000000000 -> 02000000000000000000000000000000
  custom:audio-decoder-ogg-vorbis: bf7c407c2cedff20999df2af8eb42d56 -> 
  custom:audio-encoder-webm-vorbis: bf7c407c2cedff20999df2af8eb42d56 -> 
========================================================================
Received Prepare
Registering precompiled user dll's ...
Registered in 0.004761 seconds.
Begin MonoManager ReloadAssembly
Error: Could not load signature of iOSNotificationPostProcessor:ShouldAddSettingToPlist due to: Could not load file or assembly 'UnityEditor.iOS.Extensions.Xcode, Version=1.0.0.0, Culture=neutral, PublicKeyToken=null' or one of its dependencies. assembly:UnityEditor.iOS.Extensions.Xcode, Version=1.0.0.0, Culture=neutral, PublicKeyToken=null type:<unknown type> member:(null) signature:<none>
0x00007ff671a9ab2c (Unity) StackWalker::GetCurrentCallstack
0x00007ff671aa1f29 (Unity) StackWalker::ShowCallstack
0x00007ff67280103c (Unity) GetStacktrace
0x00007ff67324b2a3 (Unity) DebugStringToFile
0x00007ff67198c5db (Unity) ScanForAttributesAndInterfaceImplementations
0x00007ff6719b26b3 (Unity) MonoManager::SetupTypeCache
0x00007ff6719a8be3 (Unity) MonoManager::EndReloadAssembly
0x00007ff6719b0057 (Unity) MonoManager::ReloadAssembly
0x00007ff6726b0e41 (Unity) LoadDomainAndUserAssemblies
0x00007ff6726b14a9 (Unity) LoadUserAssemblies
0x00007ff6728e7118 (Unity) <lambda_b7fd2194c9d98d5c5f8d87939b09ad6c>::operator()
0x00007ff67296e2f2 (Unity) asio::detail::completion_handler<core::mutable_function<void __cdecl(void)> >::do_complete
0x00007ff672970450 (Unity) asio::detail::win_iocp_io_service::do_one
0x00007ff672973bce (Unity) asio::io_service::run
0x00007ff67290f8db (Unity) RunAssetImportWorkerClientV2
0x00007ff67290f930 (Unity) RunAssetImporterV2
0x00007ff6723b5b49 (Unity) Application::InitializeProject
0x00007ff67280b4f2 (Unity) WinMain
0x00007ff673e9bd4e (Unity) __scrt_common_main_seh
0x00007ffa91c27034 (KERNEL32) BaseThreadInitThunk
0x00007ffa93a22651 (ntdll) RtlUserThreadStart

Unloading broken assembly Library/ScriptAssemblies/Unity.Notifications.dll, this assembly can cause crashes in the runtime
0x00007ff671a9ab2c (Unity) StackWalker::GetCurrentCallstack
0x00007ff671aa1f29 (Unity) StackWalker::ShowCallstack
0x00007ff67280103c (Unity) GetStacktrace
0x00007ff67324b2a3 (Unity) DebugStringToFile
0x00007ff6719b1e95 (Unity) MonoManager::SetupLoadedEditorAssemblies
0x00007ff6719a8f71 (Unity) MonoManager::EndReloadAssembly
0x00007ff6719b0057 (Unity) MonoManager::ReloadAssembly
0x00007ff6726b0e41 (Unity) LoadDomainAndUserAssemblies
0x00007ff6726b14a9 (Unity) LoadUserAssemblies
0x00007ff6728e7118 (Unity) <lambda_b7fd2194c9d98d5c5f8d87939b09ad6c>::operator()
0x00007ff67296e2f2 (Unity) asio::detail::completion_handler<core::mutable_function<void __cdecl(void)> >::do_complete
0x00007ff672970450 (Unity) asio::detail::win_iocp_io_service::do_one
0x00007ff672973bce (Unity) asio::io_service::run
0x00007ff67290f8db (Unity) RunAssetImportWorkerClientV2
0x00007ff67290f930 (Unity) RunAssetImporterV2
0x00007ff6723b5b49 (Unity) Application::InitializeProject
0x00007ff67280b4f2 (Unity) WinMain
0x00007ff673e9bd4e (Unity) __scrt_common_main_seh
0x00007ffa91c27034 (KERNEL32) BaseThreadInitThunk
0x00007ffa93a22651 (ntdll) RtlUserThreadStart

Native extension for WindowsStandalone target not found
Native extension for WebGL target not found
Refreshing native plugins compatible for Editor in 0.65 ms, found 3 plugins.
Preloading 0 native plugins for Editor in 0.00 ms.
Mono: successfully reloaded assembly
- Completed reload, in  0.990 seconds
Domain Reload Profiling:
	ReloadAssembly (991ms)
		BeginReloadAssembly (107ms)
			ExecutionOrderSort (0ms)
			DisableScriptedObjects (6ms)
			BackupInstance (0ms)
			ReleaseScriptingObjects (0ms)
			CreateAndSetChildDomain (32ms)
		EndReloadAssembly (819ms)
			LoadAssemblies (98ms)
			RebuildTransferFunctionScriptingTraits (0ms)
			SetupTypeCache (238ms)
			ReleaseScriptCaches (1ms)
			RebuildScriptCaches (30ms)
			SetupLoadedEditorAssemblies (280ms)
				LogAssemblyErrors (1ms)
				InitializePlatformSupportModulesInManaged (4ms)
				SetLoadedEditorAssemblies (1ms)
				RefreshPlugins (1ms)
				BeforeProcessingInitializeOnLoad (74ms)
				ProcessInitializeOnLoadAttributes (184ms)
				ProcessInitializeOnLoadMethodAttributes (8ms)
				AfterProcessingInitializeOnLoad (7ms)
				EditorAssembliesLoaded (0ms)
			ExecutionOrderSort2 (0ms)
			AwakeInstancesAfterBackupRestoration (7ms)
Platform modules already initialized, skipping
Switching build target platform(19) subTarget(0) extendedPlatform(0) -> platform(9) subTarget(16777218) extendedPlatform(0)
Refreshing native plugins compatible for Editor in 0.65 ms, found 3 plugins.
Preloading 0 native plugins for Editor in 0.00 ms.
Unloading 2631 Unused Serialized files (Serialized files now loaded: 0)
System memory in use before: 112.6 MB.
System memory in use after: 112.8 MB.

Unloading 31 unused Assets to reduce memory usage. Loaded Objects now: 3101.
Total: 3.469200 ms (FindLiveObjects: 0.524700 ms CreateObjectMapping: 0.097600 ms MarkObjects: 2.817400 ms  DeleteObjects: 0.028500 ms)

AssetImportParameters requested are different than current active one (requested -> active):
  custom:framework-win-MediaFoundation: 216162199b28c13a410421893ffa2e32 -> 
  custom:video-decoder-ogg-theora: a1e56fd34408186e4bbccfd4996cb3dc -> 
  custom:container-muxer-webm: aa71ff27fc2769a1b78a27578f13a17b -> 
  custom:container-demuxer-webm: 4f35f7cbe854078d1ac9338744f61a02 -> 
  custom:container-demuxer-ogg: 62fdf1f143b41e24485cea50d1cbac27 -> 
  custom:video-encoder-webm-vp8: eb34c28f22e8b96e1ab97ce403110664 -> 
  custom:video-codec-MediaFoundation-h265: 746d11721c4dcdbdad8f713fa42b33f4 -> 
  custom:video-decoder-webm-vp8: 9c59270c3fd7afecdb556c50c9e8de78 -> 
  custom:graphics/normal-map-encoding: 01000000000000000000000000000000 -> 02000000000000000000000000000000
  custom:audio-decoder-ogg-vorbis: bf7c407c2cedff20999df2af8eb42d56 -> 
  custom:audio-encoder-webm-vorbis: bf7c407c2cedff20999df2af8eb42d56 -> 
========================================================================
Received Prepare
Registering precompiled user dll's ...
Registered in 0.005117 seconds.
Begin MonoManager ReloadAssembly
Error: Could not load signature of iOSNotificationPostProcessor:ShouldAddSettingToPlist due to: Could not load file or assembly 'UnityEditor.iOS.Extensions.Xcode, Version=1.0.0.0, Culture=neutral, PublicKeyToken=null' or one of its dependencies. assembly:UnityEditor.iOS.Extensions.Xcode, Version=1.0.0.0, Culture=neutral, PublicKeyToken=null type:<unknown type> member:(null) signature:<none>
0x00007ff671a9ab2c (Unity) StackWalker::GetCurrentCallstack
0x00007ff671aa1f29 (Unity) StackWalker::ShowCallstack
0x00007ff67280103c (Unity) GetStacktrace
0x00007ff67324b2a3 (Unity) DebugStringToFile
0x00007ff67198c5db (Unity) ScanForAttributesAndInterfaceImplementations
0x00007ff6719b26b3 (Unity) MonoManager::SetupTypeCache
0x00007ff6719a8be3 (Unity) MonoManager::EndReloadAssembly
0x00007ff6719b0057 (Unity) MonoManager::ReloadAssembly
0x00007ff6726b0e41 (Unity) LoadDomainAndUserAssemblies
0x00007ff6726b14a9 (Unity) LoadUserAssemblies
0x00007ff6728e7118 (Unity) <lambda_b7fd2194c9d98d5c5f8d87939b09ad6c>::operator()
0x00007ff67296e2f2 (Unity) asio::detail::completion_handler<core::mutable_function<void __cdecl(void)> >::do_complete
0x00007ff672970450 (Unity) asio::detail::win_iocp_io_service::do_one
0x00007ff672973bce (Unity) asio::io_service::run
0x00007ff67290f8db (Unity) RunAssetImportWorkerClientV2
0x00007ff67290f930 (Unity) RunAssetImporterV2
0x00007ff6723b5b49 (Unity) Application::InitializeProject
0x00007ff67280b4f2 (Unity) WinMain
0x00007ff673e9bd4e (Unity) __scrt_common_main_seh
0x00007ffa91c27034 (KERNEL32) BaseThreadInitThunk
0x00007ffa93a22651 (ntdll) RtlUserThreadStart

Unloading broken assembly Library/ScriptAssemblies/Unity.Notifications.dll, this assembly can cause crashes in the runtime
0x00007ff671a9ab2c (Unity) StackWalker::GetCurrentCallstack
0x00007ff671aa1f29 (Unity) StackWalker::ShowCallstack
0x00007ff67280103c (Unity) GetStacktrace
0x00007ff67324b2a3 (Unity) DebugStringToFile
0x00007ff6719b1e95 (Unity) MonoManager::SetupLoadedEditorAssemblies
0x00007ff6719a8f71 (Unity) MonoManager::EndReloadAssembly
0x00007ff6719b0057 (Unity) MonoManager::ReloadAssembly
0x00007ff6726b0e41 (Unity) LoadDomainAndUserAssemblies
0x00007ff6726b14a9 (Unity) LoadUserAssemblies
0x00007ff6728e7118 (Unity) <lambda_b7fd2194c9d98d5c5f8d87939b09ad6c>::operator()
0x00007ff67296e2f2 (Unity) asio::detail::completion_handler<core::mutable_function<void __cdecl(void)> >::do_complete
0x00007ff672970450 (Unity) asio::detail::win_iocp_io_service::do_one
0x00007ff672973bce (Unity) asio::io_service::run
0x00007ff67290f8db (Unity) RunAssetImportWorkerClientV2
0x00007ff67290f930 (Unity) RunAssetImporterV2
0x00007ff6723b5b49 (Unity) Application::InitializeProject
0x00007ff67280b4f2 (Unity) WinMain
0x00007ff673e9bd4e (Unity) __scrt_common_main_seh
0x00007ffa91c27034 (KERNEL32) BaseThreadInitThunk
0x00007ffa93a22651 (ntdll) RtlUserThreadStart

Native extension for WindowsStandalone target not found
Native extension for WebGL target not found
Refreshing native plugins compatible for Editor in 0.67 ms, found 3 plugins.
Preloading 0 native plugins for Editor in 0.00 ms.
Mono: successfully reloaded assembly
- Completed reload, in  0.966 seconds
Domain Reload Profiling:
	ReloadAssembly (967ms)
		BeginReloadAssembly (111ms)
			ExecutionOrderSort (0ms)
			DisableScriptedObjects (5ms)
			BackupInstance (0ms)
			ReleaseScriptingObjects (0ms)
			CreateAndSetChildDomain (36ms)
		EndReloadAssembly (806ms)
			LoadAssemblies (87ms)
			RebuildTransferFunctionScriptingTraits (0ms)
			SetupTypeCache (226ms)
			ReleaseScriptCaches (1ms)
			RebuildScriptCaches (30ms)
			SetupLoadedEditorAssemblies (283ms)
				LogAssemblyErrors (1ms)
				InitializePlatformSupportModulesInManaged (5ms)
				SetLoadedEditorAssemblies (0ms)
				RefreshPlugins (1ms)
				BeforeProcessingInitializeOnLoad (73ms)
				ProcessInitializeOnLoadAttributes (186ms)
				ProcessInitializeOnLoadMethodAttributes (8ms)
				AfterProcessingInitializeOnLoad (8ms)
				EditorAssembliesLoaded (0ms)
			ExecutionOrderSort2 (0ms)
			AwakeInstancesAfterBackupRestoration (7ms)
Platform modules already initialized, skipping
Switching build target platform(19) subTarget(0) extendedPlatform(0) -> platform(9) subTarget(16777218) extendedPlatform(0)
Refreshing native plugins compatible for Editor in 1.36 ms, found 3 plugins.
Preloading 0 native plugins for Editor in 0.00 ms.
Unloading 2631 Unused Serialized files (Serialized files now loaded: 0)
System memory in use before: 112.5 MB.
System memory in use after: 112.7 MB.

Unloading 31 unused Assets to reduce memory usage. Loaded Objects now: 3103.
Total: 3.612600 ms (FindLiveObjects: 0.229000 ms CreateObjectMapping: 0.122300 ms MarkObjects: 3.226800 ms  DeleteObjects: 0.033600 ms)

AssetImportParameters requested are different than current active one (requested -> active):
  custom:framework-win-MediaFoundation: 216162199b28c13a410421893ffa2e32 -> 
  custom:video-decoder-ogg-theora: a1e56fd34408186e4bbccfd4996cb3dc -> 
  custom:container-muxer-webm: aa71ff27fc2769a1b78a27578f13a17b -> 
  custom:container-demuxer-webm: 4f35f7cbe854078d1ac9338744f61a02 -> 
  custom:container-demuxer-ogg: 62fdf1f143b41e24485cea50d1cbac27 -> 
  custom:video-encoder-webm-vp8: eb34c28f22e8b96e1ab97ce403110664 -> 
  custom:video-codec-MediaFoundation-h265: 746d11721c4dcdbdad8f713fa42b33f4 -> 
  custom:video-decoder-webm-vp8: 9c59270c3fd7afecdb556c50c9e8de78 -> 
  custom:graphics/normal-map-encoding: 01000000000000000000000000000000 -> 02000000000000000000000000000000
  custom:audio-decoder-ogg-vorbis: bf7c407c2cedff20999df2af8eb42d56 -> 
  custom:audio-encoder-webm-vorbis: bf7c407c2cedff20999df2af8eb42d56 -> 
AssetImportWorkerClient::OnTransportError - code=2 error=End of file
